{"numFailedTestSuites":8,"numFailedTests":10,"numPassedTestSuites":2,"numPassedTests":3,"numPendingTestSuites":0,"numPendingTests":0,"numRuntimeErrorTestSuites":1,"numTodoTests":0,"numTotalTestSuites":10,"numTotalTests":13,"openHandles":[],"snapshot":{"added":0,"didUpdate":false,"failure":false,"filesAdded":0,"filesRemoved":0,"filesRemovedList":[],"filesUnmatched":0,"filesUpdated":0,"matched":0,"total":0,"unchecked":0,"uncheckedKeysByFile":[],"unmatched":0,"updated":0},"startTime":1752497443910,"success":false,"testResults":[{"assertionResults":[],"coverage":{},"endTime":1752497464402,"message":"  \u001b[1m● \u001b[22mTest suite failed to run\n\n    Cannot find module 'supertest' from 'server.test.js'\n\n    \u001b[0m\u001b[31m\u001b[1m>\u001b[22m\u001b[39m\u001b[90m 1 |\u001b[39m \u001b[36mimport\u001b[39m request \u001b[36mfrom\u001b[39m \u001b[32m'supertest'\u001b[39m\u001b[33m;\u001b[39m\n     \u001b[90m   |\u001b[39m \u001b[31m\u001b[1m^\u001b[22m\u001b[39m\n     \u001b[90m 2 |\u001b[39m \u001b[36mimport\u001b[39m express \u001b[36mfrom\u001b[39m \u001b[32m'express'\u001b[39m\u001b[33m;\u001b[39m\n     \u001b[90m 3 |\u001b[39m \u001b[36mimport\u001b[39m fs \u001b[36mfrom\u001b[39m \u001b[32m'fs'\u001b[39m\u001b[33m;\u001b[39m\n     \u001b[90m 4 |\u001b[39m \u001b[36mimport\u001b[39m path \u001b[36mfrom\u001b[39m \u001b[32m'path'\u001b[39m\u001b[33m;\u001b[39m\u001b[0m\n\n      \u001b[2mat Resolver._throwModNotFoundError (\u001b[22mnode_modules/jest-resolve/build/index.js\u001b[2m:863:11)\u001b[22m\n      \u001b[2mat Object.require (\u001b[22m\u001b[0m\u001b[36mserver.test.js\u001b[39m\u001b[0m\u001b[2m:1:1)\u001b[22m\n","name":"D:\\college\\projects\\portfolio_web\\project-bolt-sb1-1pevmemh\\project\\server.test.js","startTime":1752497464402,"status":"failed","summary":""},{"assertionResults":[{"ancestorTitles":["Projects component"],"duration":958,"failing":false,"failureDetails":[{"name":"TestingLibraryElementError"}],"failureMessages":["TestingLibraryElementError: Found multiple elements with the role \"heading\"\n\nHere are the matching elements:\n\nIgnored nodes: comments, script, style\n\u001b[36m<h2\u001b[39m\n  \u001b[33mclass\u001b[39m=\u001b[32m\"text-4xl md:text-5xl font-bold mb-6 text-purple\"\u001b[39m\n\u001b[36m>\u001b[39m\n  \u001b[0mFeatured Projects\u001b[0m\n\u001b[36m</h2>\u001b[39m\n\nIgnored nodes: comments, script, style\n\u001b[36m<h3\u001b[39m\n  \u001b[33mclass\u001b[39m=\u001b[32m\"text-xl font-semibold text-purple mb-3\"\u001b[39m\n\u001b[36m>\u001b[39m\n  \u001b[0mE-Commerce Platform  / One web page\u001b[0m\n\u001b[36m</h3>\u001b[39m\n\nIgnored nodes: comments, script, style\n\u001b[36m<h4\u001b[39m\n  \u001b[33mclass\u001b[39m=\u001b[32m\"text-sm font-medium text-peach mb-2\"\u001b[39m\n\u001b[36m>\u001b[39m\n  \u001b[0mTechnologies Used\u001b[0m\n\u001b[36m</h4>\u001b[39m\n\nIgnored nodes: comments, script, style\n\u001b[36m<h4\u001b[39m\n  \u001b[33mclass\u001b[39m=\u001b[32m\"text-sm font-medium text-peach mb-2\"\u001b[39m\n\u001b[36m>\u001b[39m\n  \u001b[0mKey Features\u001b[0m\n\u001b[36m</h4>\u001b[39m\n\nIgnored nodes: comments, script, style\n\u001b[36m<h3\u001b[39m\n  \u001b[33mclass\u001b[39m=\u001b[32m\"text-xl font-semibold text-purple mb-3\"\u001b[39m\n\u001b[36m>\u001b[39m\n  \u001b[0mSync_Space: Collabrative work and time management platform\u001b[0m\n\u001b[36m</h3>\u001b[39m\n\nIgnored nodes: comments, script, style\n\u001b[36m<h4\u001b[39m\n  \u001b[33mclass\u001b[39m=\u001b[32m\"text-sm font-medium text-peach mb-2\"\u001b[39m\n\u001b[36m>\u001b[39m\n  \u001b[0mTechnologies Used\u001b[0m\n\u001b[36m</h4>\u001b[39m\n\nIgnored nodes: comments, script, style\n\u001b[36m<h4\u001b[39m\n  \u001b[33mclass\u001b[39m=\u001b[32m\"text-sm font-medium text-peach mb-2\"\u001b[39m\n\u001b[36m>\u001b[39m\n  \u001b[0mKey Features\u001b[0m\n\u001b[36m</h4>\u001b[39m\n\nIgnored nodes: comments, script, style\n\u001b[36m<h3\u001b[39m\n  \u001b[33mclass\u001b[39m=\u001b[32m\"text-xl font-semibold text-purple mb-3\"\u001b[39m\n\u001b[36m>\u001b[39m\n  \u001b[0mAccident Analytics Dashboard\u001b[0m\n\u001b[36m</h3>\u001b[39m\n\nIgnored nodes: comments, script, style\n\u001b[36m<h4\u001b[39m\n  \u001b[33mclass\u001b[39m=\u001b[32m\"text-sm font-medium text-peach mb-2\"\u001b[39m\n\u001b[36m>\u001b[39m\n  \u001b[0mTechnologies Used\u001b[0m\n\u001b[36m</h4>\u001b[39m\n\nIgnored nodes: comments, script, style\n\u001b[36m<h4\u001b[39m\n  \u001b[33mclass\u001b[39m=\u001b[32m\"text-sm font-medium text-peach mb-2\"\u001b[39m\n\u001b[36m>\u001b[39m\n  \u001b[0mKey Features\u001b[0m\n\u001b[36m</h4>\u001b[39m\n\nIgnored nodes: comments, script, style\n\u001b[36m<h3\u001b[39m\n  \u001b[33mclass\u001b[39m=\u001b[32m\"text-xl font-semibold text-purple mb-3\"\u001b[39m\n\u001b[36m>\u001b[39m\n  \u001b[0mMERN X AI: Model Benchmarking Platform\u001b[0m\n\u001b[36m</h3>\u001b[39m\n\nIgnored nodes: comments, script, style\n\u001b[36m<h4\u001b[39m\n  \u001b[33mclass\u001b[39m=\u001b[32m\"text-sm font-medium text-peach mb-2\"\u001b[39m\n\u001b[36m>\u001b[39m\n  \u001b[0mTechnologies Used\u001b[0m\n\u001b[36m</h4>\u001b[39m\n\nIgnored nodes: comments, script, style\n\u001b[36m<h4\u001b[39m\n  \u001b[33mclass\u001b[39m=\u001b[32m\"text-sm font-medium text-peach mb-2\"\u001b[39m\n\u001b[36m>\u001b[39m\n  \u001b[0mKey Features\u001b[0m\n\u001b[36m</h4>\u001b[39m\n\nIgnored nodes: comments, script, style\n\u001b[36m<h3\u001b[39m\n  \u001b[33mclass\u001b[39m=\u001b[32m\"text-xl font-semibold text-purple mb-3\"\u001b[39m\n\u001b[36m>\u001b[39m\n  \u001b[0mNexus AI Chatbot\u001b[0m\n\u001b[36m</h3>\u001b[39m\n\nIgnored nodes: comments, script, style\n\u001b[36m<h4\u001b[39m\n  \u001b[33mclass\u001b[39m=\u001b[32m\"text-sm font-medium text-peach mb-2\"\u001b[39m\n\u001b[36m>\u001b[39m\n  \u001b[0mTechnologies Used\u001b[0m\n\u001b[36m</h4>\u001b[39m\n\nIgnored nodes: comments, script, style\n\u001b[36m<h4\u001b[39m\n  \u001b[33mclass\u001b[39m=\u001b[32m\"text-sm font-medium text-peach mb-2\"\u001b[39m\n\u001b[36m>\u001b[39m\n  \u001b[0mKey Features\u001b[0m\n\u001b[36m</h4>\u001b[39m\n\nIgnored nodes: comments, script, style\n\u001b[36m<h3\u001b[39m\n  \u001b[33mclass\u001b[39m=\u001b[32m\"text-xl font-semibold text-purple mb-3\"\u001b[39m\n\u001b[36m>\u001b[39m\n  \u001b[0mPortfolio Website\u001b[0m\n\u001b[36m</h3>\u001b[39m\n\nIgnored nodes: comments, script, style\n\u001b[36m<h4\u001b[39m\n  \u001b[33mclass\u001b[39m=\u001b[32m\"text-sm font-medium text-peach mb-2\"\u001b[39m\n\u001b[36m>\u001b[39m\n  \u001b[0mTechnologies Used\u001b[0m\n\u001b[36m</h4>\u001b[39m\n\nIgnored nodes: comments, script, style\n\u001b[36m<h4\u001b[39m\n  \u001b[33mclass\u001b[39m=\u001b[32m\"text-sm font-medium text-peach mb-2\"\u001b[39m\n\u001b[36m>\u001b[39m\n  \u001b[0mKey Features\u001b[0m\n\u001b[36m</h4>\u001b[39m\n\n(If this is intentional, then use the `*AllBy*` variant of the query (like `queryAllByText`, `getAllByText`, or `findAllByText`)).\n\nIgnored nodes: comments, script, style\n\u001b[36m<body>\u001b[39m\n  \u001b[36m<div>\u001b[39m\n    \u001b[36m<section\u001b[39m\n      \u001b[33mclass\u001b[39m=\u001b[32m\"py-20 bg-lavender\"\u001b[39m\n      \u001b[33mid\u001b[39m=\u001b[32m\"projects\"\u001b[39m\n    \u001b[36m>\u001b[39m\n      \u001b[36m<div\u001b[39m\n        \u001b[33mclass\u001b[39m=\u001b[32m\"container mx-auto px-6\"\u001b[39m\n      \u001b[36m>\u001b[39m\n        \u001b[36m<div\u001b[39m\n          \u001b[33mclass\u001b[39m=\u001b[32m\"max-w-7xl mx-auto\"\u001b[39m\n        \u001b[36m>\u001b[39m\n          \u001b[36m<div\u001b[39m\n            \u001b[33mclass\u001b[39m=\u001b[32m\"text-center mb-16\"\u001b[39m\n          \u001b[36m>\u001b[39m\n            \u001b[36m<h2\u001b[39m\n              \u001b[33mclass\u001b[39m=\u001b[32m\"text-4xl md:text-5xl font-bold mb-6 text-purple\"\u001b[39m\n            \u001b[36m>\u001b[39m\n              \u001b[0mFeatured Projects\u001b[0m\n            \u001b[36m</h2>\u001b[39m\n            \u001b[36m<p\u001b[39m\n              \u001b[33mclass\u001b[39m=\u001b[32m\"text-xl text-pink max-w-2xl mx-auto\"\u001b[39m\n            \u001b[36m>\u001b[39m\n              \u001b[0mA showcase of my recent work and technical capabilities\u001b[0m\n            \u001b[36m</p>\u001b[39m\n            \u001b[36m<div\u001b[39m\n              \u001b[33mclass\u001b[39m=\u001b[32m\"w-24 h-1 bg-peach mx-auto rounded-full mt-6\"\u001b[39m\n            \u001b[36m/>\u001b[39m\n          \u001b[36m</div>\u001b[39m\n          \u001b[36m<div\u001b[39m\n            \u001b[33mclass\u001b[39m=\u001b[32m\"flex flex-wrap justify-center gap-4 mb-12\"\u001b[39m\n          \u001b[36m>\u001b[39m\n            \u001b[36m<button\u001b[39m\n              \u001b[33mclass\u001b[39m=\u001b[32m\"flex items-center px-6 py-3 rounded-full font-medium transition-all duration-300 bg-gradient-to-r from-peach to-purple text-white shadow-lg\"\u001b[39m\n            \u001b[36m>\u001b[39m\n              \u001b[36m<svg\u001b[39m\n                \u001b[33mclass\u001b[39m=\u001b[32m\"lucide lucide-code \"\u001b[39m\n                \u001b[33mfill\u001b[39m=\u001b[32m\"none\"\u001b[39m\n                \u001b[33mheight\u001b[39m=\u001b[32m\"16\"\u001b[39m\n                \u001b[33mstroke\u001b[39m=\u001b[32m\"currentColor\"\u001b[39m\n                \u001b[33mstroke-linecap\u001b[39m=\u001b[32m\"round\"\u001b[39m\n                \u001b[33mstroke-linejoin\u001b[39m=\u001b[32m\"round\"\u001b[39m\n                \u001b[33mstroke-width\u001b[39m=\u001b[32m\"2\"\u001b[39m\n                \u001b[33mviewBox\u001b[39m=\u001b[32m\"0 0 24 24\"\u001b[39m\n                \u001b[33mwidth\u001b[39m=\u001b[32m\"16\"\u001b[39m\n                \u001b[33mxmlns\u001b[39m=\u001b[32m\"http://www.w3.org/2000/svg\"\u001b[39m\n              \u001b[36m>\u001b[39m\n                \u001b[36m<polyline\u001b[39m\n                  \u001b[33mpoints\u001b[39m=\u001b[32m\"16 18 22 12 16 6\"\u001b[39m\n                \u001b[36m/>\u001b[39m\n                \u001b[36m<polyline\u001b[39m\n                  \u001b[33mpoints\u001b[39m=\u001b[32m\"8 6 2 12 8 18\"\u001b[39m\n                \u001b[36m/>\u001b[39m\n              \u001b[36m</svg>\u001b[39m\n              \u001b[36m<span\u001b[39m\n                \u001b[33mclass\u001b[39m=\u001b[32m\"ml-2\"\u001b[39m\n              \u001b[36m>\u001b[39m\n                \u001b[0mAll Projects\u001b[0m\n              \u001b[36m</span>\u001b[39m\n            \u001b[36m</button>\u001b[39m\n            \u001b[36m<button\u001b[39m\n              \u001b[33mclass\u001b[39m=\u001b[32m\"flex items-center px-6 py-3 rounded-full font-medium transition-all duration-300 bg-lavender/50 text-pink hover:text-purple hover:bg-lavender/70 border border-peach/50\"\u001b[39m\n            \u001b[36m>\u001b[39m\n              \u001b[36m<svg\u001b[39m\n                \u001b[33mclass\u001b[39m=\u001b[32m\"lucide lucide-zap \"\u001b[39m\n                \u001b[33mfill\u001b[39m=\u001b[32m\"none\"\u001b[39m\n                \u001b[33mheight\u001b[39m=\u001b[32m\"16\"\u001b[39m\n                \u001b[33mstroke\u001b[39m=\u001b[32m\"currentColor\"\u001b[39m\n                \u001b[33mstroke-linecap\u001b[39m=\u001b[32m\"round\"\u001b[39m\n                \u001b[33mstroke-linejoin\u001b[39m=\u001b[32m\"round\"\u001b[39m\n                \u001b[33mstroke-width\u001b[39m=\u001b[32m\"2\"\u001b[39m\n                \u001b[33mviewBox\u001b[39m=\u001b[32m\"0 0 24 24\"\u001b[39m\n                \u001b[33mwidth\u001b[39m=\u001b[32m\"16\"\u001b[39m\n                \u001b[33mxmlns\u001b[39m=\u001b[32m\"http://www.w3.org/2000/svg\"\u001b[39m\n              \u001b[36m>\u001b[39m\n                \u001b[36m<polygon\u001b[39m\n                  \u001b[33mpoints\u001b[39m=\u001b[32m\"13 2 3 14 12 14 11 22 21 10 12 10 13 2\"\u001b[39m\n                \u001b[36m/>\u001b[39m\n              \u001b[36m</svg>\u001b[39m\n              \u001b[36m<span\u001b[39m\n                \u001b[33mclass\u001b[39m=\u001b[32m\"ml-2\"\u001b[39m\n              \u001b[36m>\u001b[39m\n                \u001b[0mFull Stack\u001b[0m\n              \u001b[36m</span>\u001b[39m\n            \u001b[36m</button>\u001b[39m\n            \u001b[36m<button\u001b[39m\n              \u001b[33mclass\u001b[39m=\u001b[32m\"flex items-center px-6 py-3 rounded-full font-medium transition-all duration-300 bg-lavender/50 text-pink hover:text-purple hover:bg-lavender/70 border border-peach/50\"\u001b[39m\n            \u001b[36m>\u001b[39m\n              \u001b[36m<svg\u001b[39m\n                \u001b[33mclass\u001b[39m=\u001b[32m\"lucide lucide-eye \"\u001b[39m\n                \u001b[33mfill\u001b[39m=\u001b[32m\"none\"\u001b[39m\n                \u001b[33mheight\u001b[39m=\u001b[32m\"16\"\u001b[39m\n                \u001b[33mstroke\u001b[39m=\u001b[32m\"currentColor\"\u001b[39m\n                \u001b[33mstroke-linecap\u001b[39m=\u001b[32m\"round\"\u001b[39m\n                \u001b[33mstroke-linejoin\u001b[39m=\u001b[32m\"round\"\u001b[39m\n                \u001b[33mstroke-width\u001b[39m=\u001b[32m\"2\"\u001b[39m\n                \u001b[33mviewBox\u001b[39m=\u001b[32m\"0 0 24 24\"\u001b[39m\n                \u001b[33mwidth\u001b[39m=\u001b[32m\"16\"\u001b[39m\n                \u001b[33mxmlns\u001b[39m=\u001b[32m\"http://www.w3.org/2000/svg\"\u001b[39m\n              \u001b[36m>\u001b[39m\n                \u001b[36m<path\u001b[39m\n                  \u001b[33md\u001b[39m=\u001b[32m\"M2 12s3-7 10-7 10 7 10 7-3 7-10 7-10-7-10-7Z\"\u001b[39m\n                \u001b[36m/>\u001b[39m\n                \u001b[36m<circle\u001b[39m\n                  \u001b[33mcx\u001b[39m=\u001b[32m\"12\"\u001b[39m\n                  \u001b[33mcy\u001b[39m=\u001b[32m\"12\"\u001b[39m\n                  \u001b[33mr\u001b[39m=\u001b[32m\"3\"\u001b[39m\n                \u001b[36m/>\u001b[39m\n              \u001b[36m</svg>\u001b[39m\n              \u001b[36m<span\u001b[39m\n                \u001b[33mclass\u001b[39m=\u001b[32m\"ml-2\"\u001b[39m\n              \u001b[36m>\u001b[39m\n                \u001b[0mFrontend\u001b[0m\n              \u001b[36m</span>\u001b[39m\n            \u001b[36m</button>\u001b[39m\n            \u001b[36m<button\u001b[39m\n              \u001b[33mclass\u001b[39m=\u001b[32m\"flex items-center px-6 py-3 rounded-full font-medium transition-all duration-300 bg-lavender/50 text-pink hover:text-purple hover:bg-lavender/70 border border-peach/50\"\u001b[39m\n            \u001b[36m>\u001b[39m\n              \u001b[36m<svg\u001b[39m\n                \u001b[33mclass\u001b[39m=\u001b[32m\"lucide lucide-users \"\u001b[39m\n                \u001b[33mfill\u001b[39m=\u001b[32m\"none\"\u001b[39m\n                \u001b[33mheight\u001b[39m=\u001b[32m\"16\"\u001b[39m\n                \u001b[33mstroke\u001b[39m=\u001b[32m\"currentColor\"\u001b[39m\n                \u001b[33mstroke-linecap\u001b[39m=\u001b[32m\"round\"\u001b[39m\n                \u001b[33mstroke-linejoin\u001b[39m=\u001b[32m\"round\"\u001b[39m\n                \u001b[33mstroke-width\u001b[39m=\u001b[32m\"2\"\u001b[39m\n                \u001b[33mviewBox\u001b[39m=\u001b[32m\"0 0 24 24\"\u001b[39m\n                \u001b[33mwidth\u001b[39m=\u001b[32m\"16\"\u001b[39m\n                \u001b[33mxmlns\u001b[39m=\u001b[32m\"http://www.w3.org/2000/svg\"\u001b[39m\n              \u001b[36m>\u001b[39m\n                \u001b[36m<path\u001b[39m\n                  \u001b[33md\u001b[39m=\u001b[32m\"M16 21v-2a4 4 0 0 0-4-4H6a4 4 0 0 0-4 4v2\"\u001b[39m\n                \u001b[36m/>\u001b[39m\n                \u001b[36m<circle\u001b[39m\n                  \u001b[33mcx\u001b[39m=\u001b[32m\"9\"\u001b[39m\n                  \u001b[33mcy\u001b[39m=\u001b[32m\"7\"\u001b[39m\n                  \u001b[33mr\u001b[39m=\u001b[32m\"4\"\u001b[39m\n                \u001b[36m/>\u001b[39m\n                \u001b[36m<path\u001b[39m\n                  \u001b[33md\u001b[39m=\u001b[32m\"M22 21v-2a4 4 0 0 0-3-3.87\"\u001b[39m\n                \u001b[36m/>\u001b[39m\n                \u001b[36m<path\u001b[39m\n                  \u001b[33md\u001b[39m=\u001b[32m\"M16 3.13a4 4 0 0 1 0 7.75\"\u001b[39m\n                \u001b[36m/>\u001b[39m\n              \u001b[36m</svg>\u001b[39m\n              \u001b[36m<span\u001b[39m\n                \u001b[33mclass\u001b[39m=\u001b[32m\"ml-2\"\u001b[39m\n              \u001b[36m>\u001b[39m\n                \u001b[0mData-Analytics\u001b[0m\n              \u001b[36m</span>\u001b[39m\n            \u001b[36m</button>\u001b[39...\n    at Object.getElementError (D:\\college\\projects\\portfolio_web\\project-bolt-sb1-1pevmemh\\project\\node_modules\\@testing-library\\dom\\dist\\config.js:37:19)\n    at getElementError (D:\\college\\projects\\portfolio_web\\project-bolt-sb1-1pevmemh\\project\\node_modules\\@testing-library\\dom\\dist\\query-helpers.js:20:35)\n    at getMultipleElementsFoundError (D:\\college\\projects\\portfolio_web\\project-bolt-sb1-1pevmemh\\project\\node_modules\\@testing-library\\dom\\dist\\query-helpers.js:23:10)\n    at D:\\college\\projects\\portfolio_web\\project-bolt-sb1-1pevmemh\\project\\node_modules\\@testing-library\\dom\\dist\\query-helpers.js:55:13\n    at D:\\college\\projects\\portfolio_web\\project-bolt-sb1-1pevmemh\\project\\node_modules\\@testing-library\\dom\\dist\\query-helpers.js:95:19\n    at Object.getByRole (D:\\college\\projects\\portfolio_web\\project-bolt-sb1-1pevmemh\\project\\src\\components\\__tests__\\Projects.test.tsx:9:28)\n    at Promise.finally.completed (D:\\college\\projects\\portfolio_web\\project-bolt-sb1-1pevmemh\\project\\node_modules\\jest-circus\\build\\jestAdapterInit.js:1559:28)\n    at new Promise (<anonymous>)\n    at callAsyncCircusFn (D:\\college\\projects\\portfolio_web\\project-bolt-sb1-1pevmemh\\project\\node_modules\\jest-circus\\build\\jestAdapterInit.js:1499:10)\n    at _callCircusTest (D:\\college\\projects\\portfolio_web\\project-bolt-sb1-1pevmemh\\project\\node_modules\\jest-circus\\build\\jestAdapterInit.js:1009:40)\n    at processTicksAndRejections (node:internal/process/task_queues:95:5)\n    at _runTest (D:\\college\\projects\\portfolio_web\\project-bolt-sb1-1pevmemh\\project\\node_modules\\jest-circus\\build\\jestAdapterInit.js:949:3)\n    at _runTestsForDescribeBlock (D:\\college\\projects\\portfolio_web\\project-bolt-sb1-1pevmemh\\project\\node_modules\\jest-circus\\build\\jestAdapterInit.js:839:13)\n    at _runTestsForDescribeBlock (D:\\college\\projects\\portfolio_web\\project-bolt-sb1-1pevmemh\\project\\node_modules\\jest-circus\\build\\jestAdapterInit.js:829:11)\n    at run (D:\\college\\projects\\portfolio_web\\project-bolt-sb1-1pevmemh\\project\\node_modules\\jest-circus\\build\\jestAdapterInit.js:757:3)\n    at runAndTransformResultsToJestFormat (D:\\college\\projects\\portfolio_web\\project-bolt-sb1-1pevmemh\\project\\node_modules\\jest-circus\\build\\jestAdapterInit.js:1920:21)\n    at jestAdapter (D:\\college\\projects\\portfolio_web\\project-bolt-sb1-1pevmemh\\project\\node_modules\\jest-circus\\build\\runner.js:101:19)\n    at runTestInternal (D:\\college\\projects\\portfolio_web\\project-bolt-sb1-1pevmemh\\project\\node_modules\\jest-runner\\build\\testWorker.js:272:16)\n    at runTest (D:\\college\\projects\\portfolio_web\\project-bolt-sb1-1pevmemh\\project\\node_modules\\jest-runner\\build\\testWorker.js:340:7)\n    at Object.worker (D:\\college\\projects\\portfolio_web\\project-bolt-sb1-1pevmemh\\project\\node_modules\\jest-runner\\build\\testWorker.js:494:12)"],"fullName":"Projects component renders without crashing","invocations":1,"location":null,"numPassingAsserts":0,"retryReasons":[],"startAt":1752497459601,"status":"failed","title":"renders without crashing"}],"endTime":1752497460673,"message":"\u001b[1m\u001b[31m  \u001b[1m● \u001b[22m\u001b[1mProjects component › renders without crashing\u001b[39m\u001b[22m\n\n    TestingLibraryElementError: Found multiple elements with the role \"heading\"\n\n    Here are the matching elements:\n\n    Ignored nodes: comments, script, style\n    \u001b[36m<h2\u001b[39m\n      \u001b[33mclass\u001b[39m=\u001b[32m\"text-4xl md:text-5xl font-bold mb-6 text-purple\"\u001b[39m\n    \u001b[36m>\u001b[39m\n      \u001b[0mFeatured Projects\u001b[0m\n    \u001b[36m</h2>\u001b[39m\n\n    Ignored nodes: comments, script, style\n    \u001b[36m<h3\u001b[39m\n      \u001b[33mclass\u001b[39m=\u001b[32m\"text-xl font-semibold text-purple mb-3\"\u001b[39m\n    \u001b[36m>\u001b[39m\n      \u001b[0mE-Commerce Platform  / One web page\u001b[0m\n    \u001b[36m</h3>\u001b[39m\n\n    Ignored nodes: comments, script, style\n    \u001b[36m<h4\u001b[39m\n      \u001b[33mclass\u001b[39m=\u001b[32m\"text-sm font-medium text-peach mb-2\"\u001b[39m\n    \u001b[36m>\u001b[39m\n      \u001b[0mTechnologies Used\u001b[0m\n    \u001b[36m</h4>\u001b[39m\n\n    Ignored nodes: comments, script, style\n    \u001b[36m<h4\u001b[39m\n      \u001b[33mclass\u001b[39m=\u001b[32m\"text-sm font-medium text-peach mb-2\"\u001b[39m\n    \u001b[36m>\u001b[39m\n      \u001b[0mKey Features\u001b[0m\n    \u001b[36m</h4>\u001b[39m\n\n    Ignored nodes: comments, script, style\n    \u001b[36m<h3\u001b[39m\n      \u001b[33mclass\u001b[39m=\u001b[32m\"text-xl font-semibold text-purple mb-3\"\u001b[39m\n    \u001b[36m>\u001b[39m\n      \u001b[0mSync_Space: Collabrative work and time management platform\u001b[0m\n    \u001b[36m</h3>\u001b[39m\n\n    Ignored nodes: comments, script, style\n    \u001b[36m<h4\u001b[39m\n      \u001b[33mclass\u001b[39m=\u001b[32m\"text-sm font-medium text-peach mb-2\"\u001b[39m\n    \u001b[36m>\u001b[39m\n      \u001b[0mTechnologies Used\u001b[0m\n    \u001b[36m</h4>\u001b[39m\n\n    Ignored nodes: comments, script, style\n    \u001b[36m<h4\u001b[39m\n      \u001b[33mclass\u001b[39m=\u001b[32m\"text-sm font-medium text-peach mb-2\"\u001b[39m\n    \u001b[36m>\u001b[39m\n      \u001b[0mKey Features\u001b[0m\n    \u001b[36m</h4>\u001b[39m\n\n    Ignored nodes: comments, script, style\n    \u001b[36m<h3\u001b[39m\n      \u001b[33mclass\u001b[39m=\u001b[32m\"text-xl font-semibold text-purple mb-3\"\u001b[39m\n    \u001b[36m>\u001b[39m\n      \u001b[0mAccident Analytics Dashboard\u001b[0m\n    \u001b[36m</h3>\u001b[39m\n\n    Ignored nodes: comments, script, style\n    \u001b[36m<h4\u001b[39m\n      \u001b[33mclass\u001b[39m=\u001b[32m\"text-sm font-medium text-peach mb-2\"\u001b[39m\n    \u001b[36m>\u001b[39m\n      \u001b[0mTechnologies Used\u001b[0m\n    \u001b[36m</h4>\u001b[39m\n\n    Ignored nodes: comments, script, style\n    \u001b[36m<h4\u001b[39m\n      \u001b[33mclass\u001b[39m=\u001b[32m\"text-sm font-medium text-peach mb-2\"\u001b[39m\n    \u001b[36m>\u001b[39m\n      \u001b[0mKey Features\u001b[0m\n    \u001b[36m</h4>\u001b[39m\n\n    Ignored nodes: comments, script, style\n    \u001b[36m<h3\u001b[39m\n      \u001b[33mclass\u001b[39m=\u001b[32m\"text-xl font-semibold text-purple mb-3\"\u001b[39m\n    \u001b[36m>\u001b[39m\n      \u001b[0mMERN X AI: Model Benchmarking Platform\u001b[0m\n    \u001b[36m</h3>\u001b[39m\n\n    Ignored nodes: comments, script, style\n    \u001b[36m<h4\u001b[39m\n      \u001b[33mclass\u001b[39m=\u001b[32m\"text-sm font-medium text-peach mb-2\"\u001b[39m\n    \u001b[36m>\u001b[39m\n      \u001b[0mTechnologies Used\u001b[0m\n    \u001b[36m</h4>\u001b[39m\n\n    Ignored nodes: comments, script, style\n    \u001b[36m<h4\u001b[39m\n      \u001b[33mclass\u001b[39m=\u001b[32m\"text-sm font-medium text-peach mb-2\"\u001b[39m\n    \u001b[36m>\u001b[39m\n      \u001b[0mKey Features\u001b[0m\n    \u001b[36m</h4>\u001b[39m\n\n    Ignored nodes: comments, script, style\n    \u001b[36m<h3\u001b[39m\n      \u001b[33mclass\u001b[39m=\u001b[32m\"text-xl font-semibold text-purple mb-3\"\u001b[39m\n    \u001b[36m>\u001b[39m\n      \u001b[0mNexus AI Chatbot\u001b[0m\n    \u001b[36m</h3>\u001b[39m\n\n    Ignored nodes: comments, script, style\n    \u001b[36m<h4\u001b[39m\n      \u001b[33mclass\u001b[39m=\u001b[32m\"text-sm font-medium text-peach mb-2\"\u001b[39m\n    \u001b[36m>\u001b[39m\n      \u001b[0mTechnologies Used\u001b[0m\n    \u001b[36m</h4>\u001b[39m\n\n    Ignored nodes: comments, script, style\n    \u001b[36m<h4\u001b[39m\n      \u001b[33mclass\u001b[39m=\u001b[32m\"text-sm font-medium text-peach mb-2\"\u001b[39m\n    \u001b[36m>\u001b[39m\n      \u001b[0mKey Features\u001b[0m\n    \u001b[36m</h4>\u001b[39m\n\n    Ignored nodes: comments, script, style\n    \u001b[36m<h3\u001b[39m\n      \u001b[33mclass\u001b[39m=\u001b[32m\"text-xl font-semibold text-purple mb-3\"\u001b[39m\n    \u001b[36m>\u001b[39m\n      \u001b[0mPortfolio Website\u001b[0m\n    \u001b[36m</h3>\u001b[39m\n\n    Ignored nodes: comments, script, style\n    \u001b[36m<h4\u001b[39m\n      \u001b[33mclass\u001b[39m=\u001b[32m\"text-sm font-medium text-peach mb-2\"\u001b[39m\n    \u001b[36m>\u001b[39m\n      \u001b[0mTechnologies Used\u001b[0m\n    \u001b[36m</h4>\u001b[39m\n\n    Ignored nodes: comments, script, style\n    \u001b[36m<h4\u001b[39m\n      \u001b[33mclass\u001b[39m=\u001b[32m\"text-sm font-medium text-peach mb-2\"\u001b[39m\n    \u001b[36m>\u001b[39m\n      \u001b[0mKey Features\u001b[0m\n    \u001b[36m</h4>\u001b[39m\n\n    (If this is intentional, then use the `*AllBy*` variant of the query (like `queryAllByText`, `getAllByText`, or `findAllByText`)).\n\n    Ignored nodes: comments, script, style\n    \u001b[36m<body>\u001b[39m\n      \u001b[36m<div>\u001b[39m\n        \u001b[36m<section\u001b[39m\n          \u001b[33mclass\u001b[39m=\u001b[32m\"py-20 bg-lavender\"\u001b[39m\n          \u001b[33mid\u001b[39m=\u001b[32m\"projects\"\u001b[39m\n        \u001b[36m>\u001b[39m\n          \u001b[36m<div\u001b[39m\n            \u001b[33mclass\u001b[39m=\u001b[32m\"container mx-auto px-6\"\u001b[39m\n          \u001b[36m>\u001b[39m\n            \u001b[36m<div\u001b[39m\n              \u001b[33mclass\u001b[39m=\u001b[32m\"max-w-7xl mx-auto\"\u001b[39m\n            \u001b[36m>\u001b[39m\n              \u001b[36m<div\u001b[39m\n                \u001b[33mclass\u001b[39m=\u001b[32m\"text-center mb-16\"\u001b[39m\n              \u001b[36m>\u001b[39m\n                \u001b[36m<h2\u001b[39m\n                  \u001b[33mclass\u001b[39m=\u001b[32m\"text-4xl md:text-5xl font-bold mb-6 text-purple\"\u001b[39m\n                \u001b[36m>\u001b[39m\n                  \u001b[0mFeatured Projects\u001b[0m\n                \u001b[36m</h2>\u001b[39m\n                \u001b[36m<p\u001b[39m\n                  \u001b[33mclass\u001b[39m=\u001b[32m\"text-xl text-pink max-w-2xl mx-auto\"\u001b[39m\n                \u001b[36m>\u001b[39m\n                  \u001b[0mA showcase of my recent work and technical capabilities\u001b[0m\n                \u001b[36m</p>\u001b[39m\n                \u001b[36m<div\u001b[39m\n                  \u001b[33mclass\u001b[39m=\u001b[32m\"w-24 h-1 bg-peach mx-auto rounded-full mt-6\"\u001b[39m\n                \u001b[36m/>\u001b[39m\n              \u001b[36m</div>\u001b[39m\n              \u001b[36m<div\u001b[39m\n                \u001b[33mclass\u001b[39m=\u001b[32m\"flex flex-wrap justify-center gap-4 mb-12\"\u001b[39m\n              \u001b[36m>\u001b[39m\n                \u001b[36m<button\u001b[39m\n                  \u001b[33mclass\u001b[39m=\u001b[32m\"flex items-center px-6 py-3 rounded-full font-medium transition-all duration-300 bg-gradient-to-r from-peach to-purple text-white shadow-lg\"\u001b[39m\n                \u001b[36m>\u001b[39m\n                  \u001b[36m<svg\u001b[39m\n                    \u001b[33mclass\u001b[39m=\u001b[32m\"lucide lucide-code \"\u001b[39m\n                    \u001b[33mfill\u001b[39m=\u001b[32m\"none\"\u001b[39m\n                    \u001b[33mheight\u001b[39m=\u001b[32m\"16\"\u001b[39m\n                    \u001b[33mstroke\u001b[39m=\u001b[32m\"currentColor\"\u001b[39m\n                    \u001b[33mstroke-linecap\u001b[39m=\u001b[32m\"round\"\u001b[39m\n                    \u001b[33mstroke-linejoin\u001b[39m=\u001b[32m\"round\"\u001b[39m\n                    \u001b[33mstroke-width\u001b[39m=\u001b[32m\"2\"\u001b[39m\n                    \u001b[33mviewBox\u001b[39m=\u001b[32m\"0 0 24 24\"\u001b[39m\n                    \u001b[33mwidth\u001b[39m=\u001b[32m\"16\"\u001b[39m\n                    \u001b[33mxmlns\u001b[39m=\u001b[32m\"http://www.w3.org/2000/svg\"\u001b[39m\n                  \u001b[36m>\u001b[39m\n                    \u001b[36m<polyline\u001b[39m\n                      \u001b[33mpoints\u001b[39m=\u001b[32m\"16 18 22 12 16 6\"\u001b[39m\n                    \u001b[36m/>\u001b[39m\n                    \u001b[36m<polyline\u001b[39m\n                      \u001b[33mpoints\u001b[39m=\u001b[32m\"8 6 2 12 8 18\"\u001b[39m\n                    \u001b[36m/>\u001b[39m\n                  \u001b[36m</svg>\u001b[39m\n                  \u001b[36m<span\u001b[39m\n                    \u001b[33mclass\u001b[39m=\u001b[32m\"ml-2\"\u001b[39m\n                  \u001b[36m>\u001b[39m\n                    \u001b[0mAll Projects\u001b[0m\n                  \u001b[36m</span>\u001b[39m\n                \u001b[36m</button>\u001b[39m\n                \u001b[36m<button\u001b[39m\n                  \u001b[33mclass\u001b[39m=\u001b[32m\"flex items-center px-6 py-3 rounded-full font-medium transition-all duration-300 bg-lavender/50 text-pink hover:text-purple hover:bg-lavender/70 border border-peach/50\"\u001b[39m\n                \u001b[36m>\u001b[39m\n                  \u001b[36m<svg\u001b[39m\n                    \u001b[33mclass\u001b[39m=\u001b[32m\"lucide lucide-zap \"\u001b[39m\n                    \u001b[33mfill\u001b[39m=\u001b[32m\"none\"\u001b[39m\n                    \u001b[33mheight\u001b[39m=\u001b[32m\"16\"\u001b[39m\n                    \u001b[33mstroke\u001b[39m=\u001b[32m\"currentColor\"\u001b[39m\n                    \u001b[33mstroke-linecap\u001b[39m=\u001b[32m\"round\"\u001b[39m\n                    \u001b[33mstroke-linejoin\u001b[39m=\u001b[32m\"round\"\u001b[39m\n                    \u001b[33mstroke-width\u001b[39m=\u001b[32m\"2\"\u001b[39m\n                    \u001b[33mviewBox\u001b[39m=\u001b[32m\"0 0 24 24\"\u001b[39m\n                    \u001b[33mwidth\u001b[39m=\u001b[32m\"16\"\u001b[39m\n                    \u001b[33mxmlns\u001b[39m=\u001b[32m\"http://www.w3.org/2000/svg\"\u001b[39m\n                  \u001b[36m>\u001b[39m\n                    \u001b[36m<polygon\u001b[39m\n                      \u001b[33mpoints\u001b[39m=\u001b[32m\"13 2 3 14 12 14 11 22 21 10 12 10 13 2\"\u001b[39m\n                    \u001b[36m/>\u001b[39m\n                  \u001b[36m</svg>\u001b[39m\n                  \u001b[36m<span\u001b[39m\n                    \u001b[33mclass\u001b[39m=\u001b[32m\"ml-2\"\u001b[39m\n                  \u001b[36m>\u001b[39m\n                    \u001b[0mFull Stack\u001b[0m\n                  \u001b[36m</span>\u001b[39m\n                \u001b[36m</button>\u001b[39m\n                \u001b[36m<button\u001b[39m\n                  \u001b[33mclass\u001b[39m=\u001b[32m\"flex items-center px-6 py-3 rounded-full font-medium transition-all duration-300 bg-lavender/50 text-pink hover:text-purple hover:bg-lavender/70 border border-peach/50\"\u001b[39m\n                \u001b[36m>\u001b[39m\n                  \u001b[36m<svg\u001b[39m\n                    \u001b[33mclass\u001b[39m=\u001b[32m\"lucide lucide-eye \"\u001b[39m\n                    \u001b[33mfill\u001b[39m=\u001b[32m\"none\"\u001b[39m\n                    \u001b[33mheight\u001b[39m=\u001b[32m\"16\"\u001b[39m\n                    \u001b[33mstroke\u001b[39m=\u001b[32m\"currentColor\"\u001b[39m\n                    \u001b[33mstroke-linecap\u001b[39m=\u001b[32m\"round\"\u001b[39m\n                    \u001b[33mstroke-linejoin\u001b[39m=\u001b[32m\"round\"\u001b[39m\n                    \u001b[33mstroke-width\u001b[39m=\u001b[32m\"2\"\u001b[39m\n                    \u001b[33mviewBox\u001b[39m=\u001b[32m\"0 0 24 24\"\u001b[39m\n                    \u001b[33mwidth\u001b[39m=\u001b[32m\"16\"\u001b[39m\n                    \u001b[33mxmlns\u001b[39m=\u001b[32m\"http://www.w3.org/2000/svg\"\u001b[39m\n                  \u001b[36m>\u001b[39m\n                    \u001b[36m<path\u001b[39m\n                      \u001b[33md\u001b[39m=\u001b[32m\"M2 12s3-7 10-7 10 7 10 7-3 7-10 7-10-7-10-7Z\"\u001b[39m\n                    \u001b[36m/>\u001b[39m\n                    \u001b[36m<circle\u001b[39m\n                      \u001b[33mcx\u001b[39m=\u001b[32m\"12\"\u001b[39m\n                      \u001b[33mcy\u001b[39m=\u001b[32m\"12\"\u001b[39m\n                      \u001b[33mr\u001b[39m=\u001b[32m\"3\"\u001b[39m\n                    \u001b[36m/>\u001b[39m\n                  \u001b[36m</svg>\u001b[39m\n                  \u001b[36m<span\u001b[39m\n                    \u001b[33mclass\u001b[39m=\u001b[32m\"ml-2\"\u001b[39m\n                  \u001b[36m>\u001b[39m\n                    \u001b[0mFrontend\u001b[0m\n                  \u001b[36m</span>\u001b[39m\n                \u001b[36m</button>\u001b[39m\n                \u001b[36m<button\u001b[39m\n                  \u001b[33mclass\u001b[39m=\u001b[32m\"flex items-center px-6 py-3 rounded-full font-medium transition-all duration-300 bg-lavender/50 text-pink hover:text-purple hover:bg-lavender/70 border border-peach/50\"\u001b[39m\n                \u001b[36m>\u001b[39m\n                  \u001b[36m<svg\u001b[39m\n                    \u001b[33mclass\u001b[39m=\u001b[32m\"lucide lucide-users \"\u001b[39m\n                    \u001b[33mfill\u001b[39m=\u001b[32m\"none\"\u001b[39m\n                    \u001b[33mheight\u001b[39m=\u001b[32m\"16\"\u001b[39m\n                    \u001b[33mstroke\u001b[39m=\u001b[32m\"currentColor\"\u001b[39m\n                    \u001b[33mstroke-linecap\u001b[39m=\u001b[32m\"round\"\u001b[39m\n                    \u001b[33mstroke-linejoin\u001b[39m=\u001b[32m\"round\"\u001b[39m\n                    \u001b[33mstroke-width\u001b[39m=\u001b[32m\"2\"\u001b[39m\n                    \u001b[33mviewBox\u001b[39m=\u001b[32m\"0 0 24 24\"\u001b[39m\n                    \u001b[33mwidth\u001b[39m=\u001b[32m\"16\"\u001b[39m\n                    \u001b[33mxmlns\u001b[39m=\u001b[32m\"http://www.w3.org/2000/svg\"\u001b[39m\n                  \u001b[36m>\u001b[39m\n                    \u001b[36m<path\u001b[39m\n                      \u001b[33md\u001b[39m=\u001b[32m\"M16 21v-2a4 4 0 0 0-4-4H6a4 4 0 0 0-4 4v2\"\u001b[39m\n                    \u001b[36m/>\u001b[39m\n                    \u001b[36m<circle\u001b[39m\n                      \u001b[33mcx\u001b[39m=\u001b[32m\"9\"\u001b[39m\n                      \u001b[33mcy\u001b[39m=\u001b[32m\"7\"\u001b[39m\n                      \u001b[33mr\u001b[39m=\u001b[32m\"4\"\u001b[39m\n                    \u001b[36m/>\u001b[39m\n                    \u001b[36m<path\u001b[39m\n                      \u001b[33md\u001b[39m=\u001b[32m\"M22 21v-2a4 4 0 0 0-3-3.87\"\u001b[39m\n                    \u001b[36m/>\u001b[39m\n                    \u001b[36m<path\u001b[39m\n                      \u001b[33md\u001b[39m=\u001b[32m\"M16 3.13a4 4 0 0 1 0 7.75\"\u001b[39m\n                    \u001b[36m/>\u001b[39m\n                  \u001b[36m</svg>\u001b[39m\n                  \u001b[36m<span\u001b[39m\n                    \u001b[33mclass\u001b[39m=\u001b[32m\"ml-2\"\u001b[39m\n                  \u001b[36m>\u001b[39m\n                    \u001b[0mData-Analytics\u001b[0m\n                  \u001b[36m</span>\u001b[39m\n                \u001b[36m</button>\u001b[39...\n\u001b[2m\u001b[22m\n\u001b[2m    \u001b[0m \u001b[90m  7 |\u001b[39m   test(\u001b[32m'renders without crashing'\u001b[39m\u001b[33m,\u001b[39m () \u001b[33m=>\u001b[39m {\u001b[22m\n\u001b[2m     \u001b[90m  8 |\u001b[39m     render(\u001b[33m<\u001b[39m\u001b[33mProjects\u001b[39m \u001b[33m/\u001b[39m\u001b[33m>\u001b[39m)\u001b[33m;\u001b[39m\u001b[22m\n\u001b[2m    \u001b[31m\u001b[1m>\u001b[22m\u001b[2m\u001b[39m\u001b[90m  9 |\u001b[39m     \u001b[36mconst\u001b[39m heading \u001b[33m=\u001b[39m screen\u001b[33m.\u001b[39mgetByRole(\u001b[32m'heading'\u001b[39m)\u001b[33m;\u001b[39m\u001b[22m\n\u001b[2m     \u001b[90m    |\u001b[39m                            \u001b[31m\u001b[1m^\u001b[22m\u001b[2m\u001b[39m\u001b[22m\n\u001b[2m     \u001b[90m 10 |\u001b[39m     expect(heading)\u001b[33m.\u001b[39mtoBeInTheDocument()\u001b[33m;\u001b[39m\u001b[22m\n\u001b[2m     \u001b[90m 11 |\u001b[39m   })\u001b[33m;\u001b[39m\u001b[22m\n\u001b[2m     \u001b[90m 12 |\u001b[39m })\u001b[33m;\u001b[39m\u001b[0m\u001b[22m\n\u001b[2m\u001b[22m\n\u001b[2m      \u001b[2mat Object.getElementError (\u001b[22m\u001b[2mnode_modules/@testing-library/dom/dist/config.js\u001b[2m:37:19)\u001b[22m\u001b[2m\u001b[22m\n\u001b[2m      \u001b[2mat getElementError (\u001b[22m\u001b[2mnode_modules/@testing-library/dom/dist/query-helpers.js\u001b[2m:20:35)\u001b[22m\u001b[2m\u001b[22m\n\u001b[2m      \u001b[2mat getMultipleElementsFoundError (\u001b[22m\u001b[2mnode_modules/@testing-library/dom/dist/query-helpers.js\u001b[2m:23:10)\u001b[22m\u001b[2m\u001b[22m\n\u001b[2m      \u001b[2mat \u001b[22m\u001b[2mnode_modules/@testing-library/dom/dist/query-helpers.js\u001b[2m:55:13\u001b[22m\u001b[2m\u001b[22m\n\u001b[2m      \u001b[2mat \u001b[22m\u001b[2mnode_modules/@testing-library/dom/dist/query-helpers.js\u001b[2m:95:19\u001b[22m\u001b[2m\u001b[22m\n\u001b[2m      \u001b[2mat Object.getByRole (\u001b[22m\u001b[2m\u001b[0m\u001b[36msrc/components/__tests__/Projects.test.tsx\u001b[39m\u001b[0m\u001b[2m:9:28)\u001b[22m\u001b[2m\u001b[22m\n","name":"D:\\college\\projects\\portfolio_web\\project-bolt-sb1-1pevmemh\\project\\src\\components\\__tests__\\Projects.test.tsx","startTime":1752497451156,"status":"failed","summary":""},{"assertionResults":[{"ancestorTitles":["Hero component"],"duration":536,"failing":false,"failureDetails":[{"name":"TestingLibraryElementError"}],"failureMessages":["TestingLibraryElementError: Found multiple elements with the role \"heading\"\n\nHere are the matching elements:\n\nIgnored nodes: comments, script, style\n\u001b[36m<h1\u001b[39m\n  \u001b[33mclass\u001b[39m=\u001b[32m\"text-5xl md:text-7xl font-bold mb-6 text-pink animate-fade-in\"\u001b[39m\n\u001b[36m>\u001b[39m\n  \u001b[0mSawari Jamgaonkar\u001b[0m\n\u001b[36m</h1>\u001b[39m\n\nIgnored nodes: comments, script, style\n\u001b[36m<h2\u001b[39m\n  \u001b[33mclass\u001b[39m=\u001b[32m\"text-2xl md:text-3xl text-pink mb-8 animate-fade-in-delay-1\"\u001b[39m\n\u001b[36m>\u001b[39m\n  \u001b[0mAI ML Engineer and Data Analyst\u001b[0m\n\u001b[36m</h2>\u001b[39m\n\n(If this is intentional, then use the `*AllBy*` variant of the query (like `queryAllByText`, `getAllByText`, or `findAllByText`)).\n\nIgnored nodes: comments, script, style\n\u001b[36m<body>\u001b[39m\n  \u001b[36m<div>\u001b[39m\n    \u001b[36m<section\u001b[39m\n      \u001b[33mclass\u001b[39m=\u001b[32m\"min-h-screen flex items-center justify-center relative overflow-hidden\"\u001b[39m\n      \u001b[33mid\u001b[39m=\u001b[32m\"home\"\u001b[39m\n    \u001b[36m>\u001b[39m\n      \u001b[36m<div\u001b[39m\n        \u001b[33mclass\u001b[39m=\u001b[32m\"absolute inset-0 bg-gradient-to-br from-pink/20 via-lavender to-mint/20\"\u001b[39m\n      \u001b[36m/>\u001b[39m\n      \u001b[36m<div\u001b[39m\n        \u001b[33mclass\u001b[39m=\u001b[32m\"absolute inset-0\"\u001b[39m\n      \u001b[36m>\u001b[39m\n        \u001b[36m<div\u001b[39m\n          \u001b[33mclass\u001b[39m=\u001b[32m\"absolute top-1/4 left-1/4 w-64 h-64 bg-pink/10 rounded-full blur-3xl animate-pulse\"\u001b[39m\n        \u001b[36m/>\u001b[39m\n        \u001b[36m<div\u001b[39m\n          \u001b[33mclass\u001b[39m=\u001b[32m\"absolute bottom-1/4 right-1/4 w-96 h-96 bg-mint/10 rounded-full blur-3xl animate-pulse delay-1000\"\u001b[39m\n        \u001b[36m/>\u001b[39m\n      \u001b[36m</div>\u001b[39m\n      \u001b[36m<div\u001b[39m\n        \u001b[33mclass\u001b[39m=\u001b[32m\"container mx-auto px-6 text-center relative z-10\"\u001b[39m\n      \u001b[36m>\u001b[39m\n        \u001b[36m<div\u001b[39m\n          \u001b[33mclass\u001b[39m=\u001b[32m\"max-w-4xl mx-auto\"\u001b[39m\n        \u001b[36m>\u001b[39m\n          \u001b[36m<h1\u001b[39m\n            \u001b[33mclass\u001b[39m=\u001b[32m\"text-5xl md:text-7xl font-bold mb-6 text-pink animate-fade-in\"\u001b[39m\n          \u001b[36m>\u001b[39m\n            \u001b[0mSawari Jamgaonkar\u001b[0m\n          \u001b[36m</h1>\u001b[39m\n          \u001b[36m<h2\u001b[39m\n            \u001b[33mclass\u001b[39m=\u001b[32m\"text-2xl md:text-3xl text-pink mb-8 animate-fade-in-delay-1\"\u001b[39m\n          \u001b[36m>\u001b[39m\n            \u001b[0mAI ML Engineer and Data Analyst\u001b[0m\n          \u001b[36m</h2>\u001b[39m\n          \u001b[36m<p\u001b[39m\n            \u001b[33mclass\u001b[39m=\u001b[32m\"text-lg md:text-xl text-pink mb-12 max-w-2xl mx-auto leading-relaxed animate-fade-in-delay-2\"\u001b[39m\n          \u001b[36m>\u001b[39m\n            \u001b[0mPassionate 4th year student passionate about learning new technologies. I love building innovative solutions that make a difference.\u001b[0m\n          \u001b[36m</p>\u001b[39m\n          \u001b[36m<div\u001b[39m\n            \u001b[33mclass\u001b[39m=\u001b[32m\"flex flex-col sm:flex-row gap-4 justify-center items-center mb-16 animate-fade-in-delay-3\"\u001b[39m\n          \u001b[36m>\u001b[39m\n            \u001b[36m<button\u001b[39m\n              \u001b[33mclass\u001b[39m=\u001b[32m\"border-2 border-pink text-pink hover:bg-pink hover:text-lavender px-8 py-3 rounded-full font-semibold transition-all duration-300 transform hover:scale-105\"\u001b[39m\n            \u001b[36m>\u001b[39m\n              \u001b[0mView My Work\u001b[0m\n            \u001b[36m</button>\u001b[39m\n            \u001b[36m<button\u001b[39m\n              \u001b[33mclass\u001b[39m=\u001b[32m\"border-2 border-pink text-pink hover:bg-pink hover:text-lavender px-8 py-3 rounded-full font-semibold transition-all duration-300 transform hover:scale-105\"\u001b[39m\n            \u001b[36m>\u001b[39m\n              \u001b[0mDownload Resume\u001b[0m\n            \u001b[36m</button>\u001b[39m\n          \u001b[36m</div>\u001b[39m\n          \u001b[36m<div\u001b[39m\n            \u001b[33mclass\u001b[39m=\u001b[32m\"flex justify-center space-x-6 mb-16 animate-fade-in-delay-4\"\u001b[39m\n          \u001b[36m>\u001b[39m\n            \u001b[36m<a\u001b[39m\n              \u001b[33maria-label\u001b[39m=\u001b[32m\"GitHub Profile\"\u001b[39m\n              \u001b[33mclass\u001b[39m=\u001b[32m\"text-purple hover:text-peach transition-colors duration-300 transform hover:scale-110\"\u001b[39m\n              \u001b[33mhref\u001b[39m=\u001b[32m\"https://github.com/Sawarijamgaonkar\"\u001b[39m\n              \u001b[33mrel\u001b[39m=\u001b[32m\"noopener noreferrer\"\u001b[39m\n              \u001b[33mtarget\u001b[39m=\u001b[32m\"_blank\"\u001b[39m\n            \u001b[36m>\u001b[39m\n              \u001b[36m<svg\u001b[39m\n                \u001b[33mclass\u001b[39m=\u001b[32m\"lucide lucide-github \"\u001b[39m\n                \u001b[33mfill\u001b[39m=\u001b[32m\"none\"\u001b[39m\n                \u001b[33mheight\u001b[39m=\u001b[32m\"24\"\u001b[39m\n                \u001b[33mstroke\u001b[39m=\u001b[32m\"currentColor\"\u001b[39m\n                \u001b[33mstroke-linecap\u001b[39m=\u001b[32m\"round\"\u001b[39m\n                \u001b[33mstroke-linejoin\u001b[39m=\u001b[32m\"round\"\u001b[39m\n                \u001b[33mstroke-width\u001b[39m=\u001b[32m\"2\"\u001b[39m\n                \u001b[33mviewBox\u001b[39m=\u001b[32m\"0 0 24 24\"\u001b[39m\n                \u001b[33mwidth\u001b[39m=\u001b[32m\"24\"\u001b[39m\n                \u001b[33mxmlns\u001b[39m=\u001b[32m\"http://www.w3.org/2000/svg\"\u001b[39m\n              \u001b[36m>\u001b[39m\n                \u001b[36m<path\u001b[39m\n                  \u001b[33md\u001b[39m=\u001b[32m\"M15 22v-4a4.8 4.8 0 0 0-1-3.5c3 0 6-2 6-5.5.08-1.25-.27-2.48-1-3.5.28-1.15.28-2.35 0-3.5 0 0-1 0-3 1.5-2.64-.5-5.36-.5-8 0C6 2 5 2 5 2c-.3 1.15-.3 2.35 0 3.5A5.403 5.403 0 0 0 4 9c0 3.5 3 5.5 6 5.5-.39.49-.68 1.05-.85 1.65-.17.6-.22 1.23-.15 1.85v4\"\u001b[39m\n                \u001b[36m/>\u001b[39m\n                \u001b[36m<path\u001b[39m\n                  \u001b[33md\u001b[39m=\u001b[32m\"M9 18c-4.51 2-5-2-7-2\"\u001b[39m\n                \u001b[36m/>\u001b[39m\n              \u001b[36m</svg>\u001b[39m\n            \u001b[36m</a>\u001b[39m\n            \u001b[36m<a\u001b[39m\n              \u001b[33maria-label\u001b[39m=\u001b[32m\"LinkedIn Profile\"\u001b[39m\n              \u001b[33mclass\u001b[39m=\u001b[32m\"text-purple hover:text-peach transition-colors duration-300 transform hover:scale-110\"\u001b[39m\n              \u001b[33mhref\u001b[39m=\u001b[32m\"https://linkedin.com/in/sawarijamgaonkar\"\u001b[39m\n              \u001b[33mrel\u001b[39m=\u001b[32m\"noopener noreferrer\"\u001b[39m\n              \u001b[33mtarget\u001b[39m=\u001b[32m\"_blank\"\u001b[39m\n            \u001b[36m>\u001b[39m\n              \u001b[36m<svg\u001b[39m\n                \u001b[33mclass\u001b[39m=\u001b[32m\"lucide lucide-linkedin \"\u001b[39m\n                \u001b[33mfill\u001b[39m=\u001b[32m\"none\"\u001b[39m\n                \u001b[33mheight\u001b[39m=\u001b[32m\"24\"\u001b[39m\n                \u001b[33mstroke\u001b[39m=\u001b[32m\"currentColor\"\u001b[39m\n                \u001b[33mstroke-linecap\u001b[39m=\u001b[32m\"round\"\u001b[39m\n                \u001b[33mstroke-linejoin\u001b[39m=\u001b[32m\"round\"\u001b[39m\n                \u001b[33mstroke-width\u001b[39m=\u001b[32m\"2\"\u001b[39m\n                \u001b[33mviewBox\u001b[39m=\u001b[32m\"0 0 24 24\"\u001b[39m\n                \u001b[33mwidth\u001b[39m=\u001b[32m\"24\"\u001b[39m\n                \u001b[33mxmlns\u001b[39m=\u001b[32m\"http://www.w3.org/2000/svg\"\u001b[39m\n              \u001b[36m>\u001b[39m\n                \u001b[36m<path\u001b[39m\n                  \u001b[33md\u001b[39m=\u001b[32m\"M16 8a6 6 0 0 1 6 6v7h-4v-7a2 2 0 0 0-2-2 2 2 0 0 0-2 2v7h-4v-7a6 6 0 0 1 6-6z\"\u001b[39m\n                \u001b[36m/>\u001b[39m\n                \u001b[36m<rect\u001b[39m\n                  \u001b[33mheight\u001b[39m=\u001b[32m\"12\"\u001b[39m\n                  \u001b[33mwidth\u001b[39m=\u001b[32m\"4\"\u001b[39m\n                  \u001b[33mx\u001b[39m=\u001b[32m\"2\"\u001b[39m\n                  \u001b[33my\u001b[39m=\u001b[32m\"9\"\u001b[39m\n                \u001b[36m/>\u001b[39m\n                \u001b[36m<circle\u001b[39m\n                  \u001b[33mcx\u001b[39m=\u001b[32m\"4\"\u001b[39m\n                  \u001b[33mcy\u001b[39m=\u001b[32m\"4\"\u001b[39m\n                  \u001b[33mr\u001b[39m=\u001b[32m\"2\"\u001b[39m\n                \u001b[36m/>\u001b[39m\n              \u001b[36m</svg>\u001b[39m\n            \u001b[36m</a>\u001b[39m\n            \u001b[36m<a\u001b[39m\n              \u001b[33maria-label\u001b[39m=\u001b[32m\"Email\"\u001b[39m\n              \u001b[33mclass\u001b[39m=\u001b[32m\"text-purple hover:text-peach transition-colors duration-300 transform hover:scale-110\"\u001b[39m\n              \u001b[33mhref\u001b[39m=\u001b[32m\"mailto:sawarijamgaonkar@example.com\"\u001b[39m\n            \u001b[36m>\u001b[39m\n              \u001b[36m<svg\u001b[39m\n                \u001b[33mclass\u001b[39m=\u001b[32m\"lucide lucide-mail \"\u001b[39m\n                \u001b[33mfill\u001b[39m=\u001b[32m\"none\"\u001b[39m\n                \u001b[33mheight\u001b[39m=\u001b[32m\"24\"\u001b[39m\n                \u001b[33mstroke\u001b[39m=\u001b[32m\"currentColor\"\u001b[39m\n                \u001b[33mstroke-linecap\u001b[39m=\u001b[32m\"round\"\u001b[39m\n                \u001b[33mstroke-linejoin\u001b[39m=\u001b[32m\"round\"\u001b[39m\n                \u001b[33mstroke-width\u001b[39m=\u001b[32m\"2\"\u001b[39m\n                \u001b[33mviewBox\u001b[39m=\u001b[32m\"0 0 24 24\"\u001b[39m\n                \u001b[33mwidth\u001b[39m=\u001b[32m\"24\"\u001b[39m\n                \u001b[33mxmlns\u001b[39m=\u001b[32m\"http://www.w3.org/2000/svg\"\u001b[39m\n              \u001b[36m>\u001b[39m\n                \u001b[36m<rect\u001b[39m\n                  \u001b[33mheight\u001b[39m=\u001b[32m\"16\"\u001b[39m\n                  \u001b[33mrx\u001b[39m=\u001b[32m\"2\"\u001b[39m\n                  \u001b[33mwidth\u001b[39m=\u001b[32m\"20\"\u001b[39m\n                  \u001b[33mx\u001b[39m=\u001b[32m\"2\"\u001b[39m\n                  \u001b[33my\u001b[39m=\u001b[32m\"4\"\u001b[39m\n                \u001b[36m/>\u001b[39m\n                \u001b[36m<path\u001b[39m\n                  \u001b[33md\u001b[39m=\u001b[32m\"m22 7-8.97 5.7a1.94 1.94 0 0 1-2.06 0L2 7\"\u001b[39m\n                \u001b[36m/>\u001b[39m\n              \u001b[36m</svg>\u001b[39m\n            \u001b[36m</a>\u001b[39m\n          \u001b[36m</div>\u001b[39m\n          \u001b[36m<button\u001b[39m\n            \u001b[33maria-label\u001b[39m=\u001b[32m\"Scroll to About section\"\u001b[39m\n            \u001b[33mclass\u001b[39m=\u001b[32m\"absolute bottom-10 left-1/2 transform -translate-x-1/2 text-purple hover:text-peach transition-colors duration-300 animate-bounce\"\u001b[39m\n          \u001b[36m>\u001b[39m\n            \u001b[36m<svg\u001b[39m\n              \u001b[33mclass\u001b[39m=\u001b[32m\"lucide lucide-chevron-down \"\u001b[39m\n              \u001b[33mfill\u001b[39m=\u001b[32m\"none\"\u001b[39m\n              \u001b[33mheight\u001b[39m=\u001b[32m\"32\"\u001b[39m\n              \u001b[33mstroke\u001b[39m=\u001b[32m\"currentColor\"\u001b[39m\n              \u001b[33mstroke-linecap\u001b[39m=\u001b[32m\"round\"\u001b[39m\n              \u001b[33mstroke-linejoin\u001b[39m=\u001b[32m\"round\"\u001b[39m\n              \u001b[33mstroke-width\u001b[39m=\u001b[32m\"2\"\u001b[39m\n              \u001b[33mviewBox\u001b[39m=\u001b[32m\"0 0 24 24\"\u001b[39m\n              \u001b[33mwidth\u001b[39m=\u001b[32m\"32\"\u001b[39m\n              \u001b[33mxmlns\u001b[39m=\u001b[32m\"http://www.w3.org/2000/svg\"\u001b[39m\n            \u001b[36m>\u001b[39m\n              \u001b[36m<path\u001b[39m\n                \u001b[33md\u001b[39m=\u001b[32m\"m6 9 6 6 6-6\"\u001b[39m\n              \u001b[36m/>\u001b[39m\n            \u001b[36m</svg>\u001b[39m\n          \u001b[36m</button>\u001b[39m\n        \u001b[36m</div>\u001b[39m\n      \u001b[36m</div>\u001b[39m\n    \u001b[36m</section>\u001b[39m\n  \u001b[36m</div>\u001b[39m\n\u001b[36m</body>\u001b[39m\n    at Object.getElementError (D:\\college\\projects\\portfolio_web\\project-bolt-sb1-1pevmemh\\project\\node_modules\\@testing-library\\dom\\dist\\config.js:37:19)\n    at getElementError (D:\\college\\projects\\portfolio_web\\project-bolt-sb1-1pevmemh\\project\\node_modules\\@testing-library\\dom\\dist\\query-helpers.js:20:35)\n    at getMultipleElementsFoundError (D:\\college\\projects\\portfolio_web\\project-bolt-sb1-1pevmemh\\project\\node_modules\\@testing-library\\dom\\dist\\query-helpers.js:23:10)\n    at D:\\college\\projects\\portfolio_web\\project-bolt-sb1-1pevmemh\\project\\node_modules\\@testing-library\\dom\\dist\\query-helpers.js:55:13\n    at D:\\college\\projects\\portfolio_web\\project-bolt-sb1-1pevmemh\\project\\node_modules\\@testing-library\\dom\\dist\\query-helpers.js:95:19\n    at Object.getByRole (D:\\college\\projects\\portfolio_web\\project-bolt-sb1-1pevmemh\\project\\src\\components\\__tests__\\Hero.test.tsx:9:28)\n    at Promise.finally.completed (D:\\college\\projects\\portfolio_web\\project-bolt-sb1-1pevmemh\\project\\node_modules\\jest-circus\\build\\jestAdapterInit.js:1559:28)\n    at new Promise (<anonymous>)\n    at callAsyncCircusFn (D:\\college\\projects\\portfolio_web\\project-bolt-sb1-1pevmemh\\project\\node_modules\\jest-circus\\build\\jestAdapterInit.js:1499:10)\n    at _callCircusTest (D:\\college\\projects\\portfolio_web\\project-bolt-sb1-1pevmemh\\project\\node_modules\\jest-circus\\build\\jestAdapterInit.js:1009:40)\n    at processTicksAndRejections (node:internal/process/task_queues:95:5)\n    at _runTest (D:\\college\\projects\\portfolio_web\\project-bolt-sb1-1pevmemh\\project\\node_modules\\jest-circus\\build\\jestAdapterInit.js:949:3)\n    at _runTestsForDescribeBlock (D:\\college\\projects\\portfolio_web\\project-bolt-sb1-1pevmemh\\project\\node_modules\\jest-circus\\build\\jestAdapterInit.js:839:13)\n    at _runTestsForDescribeBlock (D:\\college\\projects\\portfolio_web\\project-bolt-sb1-1pevmemh\\project\\node_modules\\jest-circus\\build\\jestAdapterInit.js:829:11)\n    at run (D:\\college\\projects\\portfolio_web\\project-bolt-sb1-1pevmemh\\project\\node_modules\\jest-circus\\build\\jestAdapterInit.js:757:3)\n    at runAndTransformResultsToJestFormat (D:\\college\\projects\\portfolio_web\\project-bolt-sb1-1pevmemh\\project\\node_modules\\jest-circus\\build\\jestAdapterInit.js:1920:21)\n    at jestAdapter (D:\\college\\projects\\portfolio_web\\project-bolt-sb1-1pevmemh\\project\\node_modules\\jest-circus\\build\\runner.js:101:19)\n    at runTestInternal (D:\\college\\projects\\portfolio_web\\project-bolt-sb1-1pevmemh\\project\\node_modules\\jest-runner\\build\\testWorker.js:272:16)\n    at runTest (D:\\college\\projects\\portfolio_web\\project-bolt-sb1-1pevmemh\\project\\node_modules\\jest-runner\\build\\testWorker.js:340:7)\n    at Object.worker (D:\\college\\projects\\portfolio_web\\project-bolt-sb1-1pevmemh\\project\\node_modules\\jest-runner\\build\\testWorker.js:494:12)"],"fullName":"Hero component renders without crashing","invocations":1,"location":null,"numPassingAsserts":0,"retryReasons":[],"startAt":1752497460104,"status":"failed","title":"renders without crashing"}],"endTime":1752497460756,"message":"\u001b[1m\u001b[31m  \u001b[1m● \u001b[22m\u001b[1mHero component › renders without crashing\u001b[39m\u001b[22m\n\n    TestingLibraryElementError: Found multiple elements with the role \"heading\"\n\n    Here are the matching elements:\n\n    Ignored nodes: comments, script, style\n    \u001b[36m<h1\u001b[39m\n      \u001b[33mclass\u001b[39m=\u001b[32m\"text-5xl md:text-7xl font-bold mb-6 text-pink animate-fade-in\"\u001b[39m\n    \u001b[36m>\u001b[39m\n      \u001b[0mSawari Jamgaonkar\u001b[0m\n    \u001b[36m</h1>\u001b[39m\n\n    Ignored nodes: comments, script, style\n    \u001b[36m<h2\u001b[39m\n      \u001b[33mclass\u001b[39m=\u001b[32m\"text-2xl md:text-3xl text-pink mb-8 animate-fade-in-delay-1\"\u001b[39m\n    \u001b[36m>\u001b[39m\n      \u001b[0mAI ML Engineer and Data Analyst\u001b[0m\n    \u001b[36m</h2>\u001b[39m\n\n    (If this is intentional, then use the `*AllBy*` variant of the query (like `queryAllByText`, `getAllByText`, or `findAllByText`)).\n\n    Ignored nodes: comments, script, style\n    \u001b[36m<body>\u001b[39m\n      \u001b[36m<div>\u001b[39m\n        \u001b[36m<section\u001b[39m\n          \u001b[33mclass\u001b[39m=\u001b[32m\"min-h-screen flex items-center justify-center relative overflow-hidden\"\u001b[39m\n          \u001b[33mid\u001b[39m=\u001b[32m\"home\"\u001b[39m\n        \u001b[36m>\u001b[39m\n          \u001b[36m<div\u001b[39m\n            \u001b[33mclass\u001b[39m=\u001b[32m\"absolute inset-0 bg-gradient-to-br from-pink/20 via-lavender to-mint/20\"\u001b[39m\n          \u001b[36m/>\u001b[39m\n          \u001b[36m<div\u001b[39m\n            \u001b[33mclass\u001b[39m=\u001b[32m\"absolute inset-0\"\u001b[39m\n          \u001b[36m>\u001b[39m\n            \u001b[36m<div\u001b[39m\n              \u001b[33mclass\u001b[39m=\u001b[32m\"absolute top-1/4 left-1/4 w-64 h-64 bg-pink/10 rounded-full blur-3xl animate-pulse\"\u001b[39m\n            \u001b[36m/>\u001b[39m\n            \u001b[36m<div\u001b[39m\n              \u001b[33mclass\u001b[39m=\u001b[32m\"absolute bottom-1/4 right-1/4 w-96 h-96 bg-mint/10 rounded-full blur-3xl animate-pulse delay-1000\"\u001b[39m\n            \u001b[36m/>\u001b[39m\n          \u001b[36m</div>\u001b[39m\n          \u001b[36m<div\u001b[39m\n            \u001b[33mclass\u001b[39m=\u001b[32m\"container mx-auto px-6 text-center relative z-10\"\u001b[39m\n          \u001b[36m>\u001b[39m\n            \u001b[36m<div\u001b[39m\n              \u001b[33mclass\u001b[39m=\u001b[32m\"max-w-4xl mx-auto\"\u001b[39m\n            \u001b[36m>\u001b[39m\n              \u001b[36m<h1\u001b[39m\n                \u001b[33mclass\u001b[39m=\u001b[32m\"text-5xl md:text-7xl font-bold mb-6 text-pink animate-fade-in\"\u001b[39m\n              \u001b[36m>\u001b[39m\n                \u001b[0mSawari Jamgaonkar\u001b[0m\n              \u001b[36m</h1>\u001b[39m\n              \u001b[36m<h2\u001b[39m\n                \u001b[33mclass\u001b[39m=\u001b[32m\"text-2xl md:text-3xl text-pink mb-8 animate-fade-in-delay-1\"\u001b[39m\n              \u001b[36m>\u001b[39m\n                \u001b[0mAI ML Engineer and Data Analyst\u001b[0m\n              \u001b[36m</h2>\u001b[39m\n              \u001b[36m<p\u001b[39m\n                \u001b[33mclass\u001b[39m=\u001b[32m\"text-lg md:text-xl text-pink mb-12 max-w-2xl mx-auto leading-relaxed animate-fade-in-delay-2\"\u001b[39m\n              \u001b[36m>\u001b[39m\n                \u001b[0mPassionate 4th year student passionate about learning new technologies. I love building innovative solutions that make a difference.\u001b[0m\n              \u001b[36m</p>\u001b[39m\n              \u001b[36m<div\u001b[39m\n                \u001b[33mclass\u001b[39m=\u001b[32m\"flex flex-col sm:flex-row gap-4 justify-center items-center mb-16 animate-fade-in-delay-3\"\u001b[39m\n              \u001b[36m>\u001b[39m\n                \u001b[36m<button\u001b[39m\n                  \u001b[33mclass\u001b[39m=\u001b[32m\"border-2 border-pink text-pink hover:bg-pink hover:text-lavender px-8 py-3 rounded-full font-semibold transition-all duration-300 transform hover:scale-105\"\u001b[39m\n                \u001b[36m>\u001b[39m\n                  \u001b[0mView My Work\u001b[0m\n                \u001b[36m</button>\u001b[39m\n                \u001b[36m<button\u001b[39m\n                  \u001b[33mclass\u001b[39m=\u001b[32m\"border-2 border-pink text-pink hover:bg-pink hover:text-lavender px-8 py-3 rounded-full font-semibold transition-all duration-300 transform hover:scale-105\"\u001b[39m\n                \u001b[36m>\u001b[39m\n                  \u001b[0mDownload Resume\u001b[0m\n                \u001b[36m</button>\u001b[39m\n              \u001b[36m</div>\u001b[39m\n              \u001b[36m<div\u001b[39m\n                \u001b[33mclass\u001b[39m=\u001b[32m\"flex justify-center space-x-6 mb-16 animate-fade-in-delay-4\"\u001b[39m\n              \u001b[36m>\u001b[39m\n                \u001b[36m<a\u001b[39m\n                  \u001b[33maria-label\u001b[39m=\u001b[32m\"GitHub Profile\"\u001b[39m\n                  \u001b[33mclass\u001b[39m=\u001b[32m\"text-purple hover:text-peach transition-colors duration-300 transform hover:scale-110\"\u001b[39m\n                  \u001b[33mhref\u001b[39m=\u001b[32m\"https://github.com/Sawarijamgaonkar\"\u001b[39m\n                  \u001b[33mrel\u001b[39m=\u001b[32m\"noopener noreferrer\"\u001b[39m\n                  \u001b[33mtarget\u001b[39m=\u001b[32m\"_blank\"\u001b[39m\n                \u001b[36m>\u001b[39m\n                  \u001b[36m<svg\u001b[39m\n                    \u001b[33mclass\u001b[39m=\u001b[32m\"lucide lucide-github \"\u001b[39m\n                    \u001b[33mfill\u001b[39m=\u001b[32m\"none\"\u001b[39m\n                    \u001b[33mheight\u001b[39m=\u001b[32m\"24\"\u001b[39m\n                    \u001b[33mstroke\u001b[39m=\u001b[32m\"currentColor\"\u001b[39m\n                    \u001b[33mstroke-linecap\u001b[39m=\u001b[32m\"round\"\u001b[39m\n                    \u001b[33mstroke-linejoin\u001b[39m=\u001b[32m\"round\"\u001b[39m\n                    \u001b[33mstroke-width\u001b[39m=\u001b[32m\"2\"\u001b[39m\n                    \u001b[33mviewBox\u001b[39m=\u001b[32m\"0 0 24 24\"\u001b[39m\n                    \u001b[33mwidth\u001b[39m=\u001b[32m\"24\"\u001b[39m\n                    \u001b[33mxmlns\u001b[39m=\u001b[32m\"http://www.w3.org/2000/svg\"\u001b[39m\n                  \u001b[36m>\u001b[39m\n                    \u001b[36m<path\u001b[39m\n                      \u001b[33md\u001b[39m=\u001b[32m\"M15 22v-4a4.8 4.8 0 0 0-1-3.5c3 0 6-2 6-5.5.08-1.25-.27-2.48-1-3.5.28-1.15.28-2.35 0-3.5 0 0-1 0-3 1.5-2.64-.5-5.36-.5-8 0C6 2 5 2 5 2c-.3 1.15-.3 2.35 0 3.5A5.403 5.403 0 0 0 4 9c0 3.5 3 5.5 6 5.5-.39.49-.68 1.05-.85 1.65-.17.6-.22 1.23-.15 1.85v4\"\u001b[39m\n                    \u001b[36m/>\u001b[39m\n                    \u001b[36m<path\u001b[39m\n                      \u001b[33md\u001b[39m=\u001b[32m\"M9 18c-4.51 2-5-2-7-2\"\u001b[39m\n                    \u001b[36m/>\u001b[39m\n                  \u001b[36m</svg>\u001b[39m\n                \u001b[36m</a>\u001b[39m\n                \u001b[36m<a\u001b[39m\n                  \u001b[33maria-label\u001b[39m=\u001b[32m\"LinkedIn Profile\"\u001b[39m\n                  \u001b[33mclass\u001b[39m=\u001b[32m\"text-purple hover:text-peach transition-colors duration-300 transform hover:scale-110\"\u001b[39m\n                  \u001b[33mhref\u001b[39m=\u001b[32m\"https://linkedin.com/in/sawarijamgaonkar\"\u001b[39m\n                  \u001b[33mrel\u001b[39m=\u001b[32m\"noopener noreferrer\"\u001b[39m\n                  \u001b[33mtarget\u001b[39m=\u001b[32m\"_blank\"\u001b[39m\n                \u001b[36m>\u001b[39m\n                  \u001b[36m<svg\u001b[39m\n                    \u001b[33mclass\u001b[39m=\u001b[32m\"lucide lucide-linkedin \"\u001b[39m\n                    \u001b[33mfill\u001b[39m=\u001b[32m\"none\"\u001b[39m\n                    \u001b[33mheight\u001b[39m=\u001b[32m\"24\"\u001b[39m\n                    \u001b[33mstroke\u001b[39m=\u001b[32m\"currentColor\"\u001b[39m\n                    \u001b[33mstroke-linecap\u001b[39m=\u001b[32m\"round\"\u001b[39m\n                    \u001b[33mstroke-linejoin\u001b[39m=\u001b[32m\"round\"\u001b[39m\n                    \u001b[33mstroke-width\u001b[39m=\u001b[32m\"2\"\u001b[39m\n                    \u001b[33mviewBox\u001b[39m=\u001b[32m\"0 0 24 24\"\u001b[39m\n                    \u001b[33mwidth\u001b[39m=\u001b[32m\"24\"\u001b[39m\n                    \u001b[33mxmlns\u001b[39m=\u001b[32m\"http://www.w3.org/2000/svg\"\u001b[39m\n                  \u001b[36m>\u001b[39m\n                    \u001b[36m<path\u001b[39m\n                      \u001b[33md\u001b[39m=\u001b[32m\"M16 8a6 6 0 0 1 6 6v7h-4v-7a2 2 0 0 0-2-2 2 2 0 0 0-2 2v7h-4v-7a6 6 0 0 1 6-6z\"\u001b[39m\n                    \u001b[36m/>\u001b[39m\n                    \u001b[36m<rect\u001b[39m\n                      \u001b[33mheight\u001b[39m=\u001b[32m\"12\"\u001b[39m\n                      \u001b[33mwidth\u001b[39m=\u001b[32m\"4\"\u001b[39m\n                      \u001b[33mx\u001b[39m=\u001b[32m\"2\"\u001b[39m\n                      \u001b[33my\u001b[39m=\u001b[32m\"9\"\u001b[39m\n                    \u001b[36m/>\u001b[39m\n                    \u001b[36m<circle\u001b[39m\n                      \u001b[33mcx\u001b[39m=\u001b[32m\"4\"\u001b[39m\n                      \u001b[33mcy\u001b[39m=\u001b[32m\"4\"\u001b[39m\n                      \u001b[33mr\u001b[39m=\u001b[32m\"2\"\u001b[39m\n                    \u001b[36m/>\u001b[39m\n                  \u001b[36m</svg>\u001b[39m\n                \u001b[36m</a>\u001b[39m\n                \u001b[36m<a\u001b[39m\n                  \u001b[33maria-label\u001b[39m=\u001b[32m\"Email\"\u001b[39m\n                  \u001b[33mclass\u001b[39m=\u001b[32m\"text-purple hover:text-peach transition-colors duration-300 transform hover:scale-110\"\u001b[39m\n                  \u001b[33mhref\u001b[39m=\u001b[32m\"mailto:sawarijamgaonkar@example.com\"\u001b[39m\n                \u001b[36m>\u001b[39m\n                  \u001b[36m<svg\u001b[39m\n                    \u001b[33mclass\u001b[39m=\u001b[32m\"lucide lucide-mail \"\u001b[39m\n                    \u001b[33mfill\u001b[39m=\u001b[32m\"none\"\u001b[39m\n                    \u001b[33mheight\u001b[39m=\u001b[32m\"24\"\u001b[39m\n                    \u001b[33mstroke\u001b[39m=\u001b[32m\"currentColor\"\u001b[39m\n                    \u001b[33mstroke-linecap\u001b[39m=\u001b[32m\"round\"\u001b[39m\n                    \u001b[33mstroke-linejoin\u001b[39m=\u001b[32m\"round\"\u001b[39m\n                    \u001b[33mstroke-width\u001b[39m=\u001b[32m\"2\"\u001b[39m\n                    \u001b[33mviewBox\u001b[39m=\u001b[32m\"0 0 24 24\"\u001b[39m\n                    \u001b[33mwidth\u001b[39m=\u001b[32m\"24\"\u001b[39m\n                    \u001b[33mxmlns\u001b[39m=\u001b[32m\"http://www.w3.org/2000/svg\"\u001b[39m\n                  \u001b[36m>\u001b[39m\n                    \u001b[36m<rect\u001b[39m\n                      \u001b[33mheight\u001b[39m=\u001b[32m\"16\"\u001b[39m\n                      \u001b[33mrx\u001b[39m=\u001b[32m\"2\"\u001b[39m\n                      \u001b[33mwidth\u001b[39m=\u001b[32m\"20\"\u001b[39m\n                      \u001b[33mx\u001b[39m=\u001b[32m\"2\"\u001b[39m\n                      \u001b[33my\u001b[39m=\u001b[32m\"4\"\u001b[39m\n                    \u001b[36m/>\u001b[39m\n                    \u001b[36m<path\u001b[39m\n                      \u001b[33md\u001b[39m=\u001b[32m\"m22 7-8.97 5.7a1.94 1.94 0 0 1-2.06 0L2 7\"\u001b[39m\n                    \u001b[36m/>\u001b[39m\n                  \u001b[36m</svg>\u001b[39m\n                \u001b[36m</a>\u001b[39m\n              \u001b[36m</div>\u001b[39m\n              \u001b[36m<button\u001b[39m\n                \u001b[33maria-label\u001b[39m=\u001b[32m\"Scroll to About section\"\u001b[39m\n                \u001b[33mclass\u001b[39m=\u001b[32m\"absolute bottom-10 left-1/2 transform -translate-x-1/2 text-purple hover:text-peach transition-colors duration-300 animate-bounce\"\u001b[39m\n              \u001b[36m>\u001b[39m\n                \u001b[36m<svg\u001b[39m\n                  \u001b[33mclass\u001b[39m=\u001b[32m\"lucide lucide-chevron-down \"\u001b[39m\n                  \u001b[33mfill\u001b[39m=\u001b[32m\"none\"\u001b[39m\n                  \u001b[33mheight\u001b[39m=\u001b[32m\"32\"\u001b[39m\n                  \u001b[33mstroke\u001b[39m=\u001b[32m\"currentColor\"\u001b[39m\n                  \u001b[33mstroke-linecap\u001b[39m=\u001b[32m\"round\"\u001b[39m\n                  \u001b[33mstroke-linejoin\u001b[39m=\u001b[32m\"round\"\u001b[39m\n                  \u001b[33mstroke-width\u001b[39m=\u001b[32m\"2\"\u001b[39m\n                  \u001b[33mviewBox\u001b[39m=\u001b[32m\"0 0 24 24\"\u001b[39m\n                  \u001b[33mwidth\u001b[39m=\u001b[32m\"32\"\u001b[39m\n                  \u001b[33mxmlns\u001b[39m=\u001b[32m\"http://www.w3.org/2000/svg\"\u001b[39m\n                \u001b[36m>\u001b[39m\n                  \u001b[36m<path\u001b[39m\n                    \u001b[33md\u001b[39m=\u001b[32m\"m6 9 6 6 6-6\"\u001b[39m\n                  \u001b[36m/>\u001b[39m\n                \u001b[36m</svg>\u001b[39m\n              \u001b[36m</button>\u001b[39m\n            \u001b[36m</div>\u001b[39m\n          \u001b[36m</div>\u001b[39m\n        \u001b[36m</section>\u001b[39m\n      \u001b[36m</div>\u001b[39m\n    \u001b[36m</body>\u001b[39m\n\u001b[2m\u001b[22m\n\u001b[2m    \u001b[0m \u001b[90m  7 |\u001b[39m   test(\u001b[32m'renders without crashing'\u001b[39m\u001b[33m,\u001b[39m () \u001b[33m=>\u001b[39m {\u001b[22m\n\u001b[2m     \u001b[90m  8 |\u001b[39m     render(\u001b[33m<\u001b[39m\u001b[33mHero\u001b[39m \u001b[33m/\u001b[39m\u001b[33m>\u001b[39m)\u001b[33m;\u001b[39m\u001b[22m\n\u001b[2m    \u001b[31m\u001b[1m>\u001b[22m\u001b[2m\u001b[39m\u001b[90m  9 |\u001b[39m     \u001b[36mconst\u001b[39m heading \u001b[33m=\u001b[39m screen\u001b[33m.\u001b[39mgetByRole(\u001b[32m'heading'\u001b[39m)\u001b[33m;\u001b[39m\u001b[22m\n\u001b[2m     \u001b[90m    |\u001b[39m                            \u001b[31m\u001b[1m^\u001b[22m\u001b[2m\u001b[39m\u001b[22m\n\u001b[2m     \u001b[90m 10 |\u001b[39m     expect(heading)\u001b[33m.\u001b[39mtoBeInTheDocument()\u001b[33m;\u001b[39m\u001b[22m\n\u001b[2m     \u001b[90m 11 |\u001b[39m   })\u001b[33m;\u001b[39m\u001b[22m\n\u001b[2m     \u001b[90m 12 |\u001b[39m })\u001b[33m;\u001b[39m\u001b[0m\u001b[22m\n\u001b[2m\u001b[22m\n\u001b[2m      \u001b[2mat Object.getElementError (\u001b[22m\u001b[2mnode_modules/@testing-library/dom/dist/config.js\u001b[2m:37:19)\u001b[22m\u001b[2m\u001b[22m\n\u001b[2m      \u001b[2mat getElementError (\u001b[22m\u001b[2mnode_modules/@testing-library/dom/dist/query-helpers.js\u001b[2m:20:35)\u001b[22m\u001b[2m\u001b[22m\n\u001b[2m      \u001b[2mat getMultipleElementsFoundError (\u001b[22m\u001b[2mnode_modules/@testing-library/dom/dist/query-helpers.js\u001b[2m:23:10)\u001b[22m\u001b[2m\u001b[22m\n\u001b[2m      \u001b[2mat \u001b[22m\u001b[2mnode_modules/@testing-library/dom/dist/query-helpers.js\u001b[2m:55:13\u001b[22m\u001b[2m\u001b[22m\n\u001b[2m      \u001b[2mat \u001b[22m\u001b[2mnode_modules/@testing-library/dom/dist/query-helpers.js\u001b[2m:95:19\u001b[22m\u001b[2m\u001b[22m\n\u001b[2m      \u001b[2mat Object.getByRole (\u001b[22m\u001b[2m\u001b[0m\u001b[36msrc/components/__tests__/Hero.test.tsx\u001b[39m\u001b[0m\u001b[2m:9:28)\u001b[22m\u001b[2m\u001b[22m\n","name":"D:\\college\\projects\\portfolio_web\\project-bolt-sb1-1pevmemh\\project\\src\\components\\__tests__\\Hero.test.tsx","startTime":1752497451263,"status":"failed","summary":""},{"assertionResults":[{"ancestorTitles":["Header component"],"duration":414,"failing":false,"failureDetails":[],"failureMessages":[],"fullName":"Header component renders without crashing","invocations":1,"location":null,"numPassingAsserts":1,"retryReasons":[],"startAt":1752497461059,"status":"passed","title":"renders without crashing"}],"endTime":1752497461480,"message":"","name":"D:\\college\\projects\\portfolio_web\\project-bolt-sb1-1pevmemh\\project\\src\\components\\__tests__\\Header.test.tsx","startTime":1752497452002,"status":"passed","summary":""},{"assertionResults":[{"ancestorTitles":["Footer component"],"duration":435,"failing":false,"failureDetails":[],"failureMessages":[],"fullName":"Footer component renders without crashing","invocations":1,"location":null,"numPassingAsserts":1,"retryReasons":[],"startAt":1752497461096,"status":"passed","title":"renders without crashing"}],"endTime":1752497461541,"message":"","name":"D:\\college\\projects\\portfolio_web\\project-bolt-sb1-1pevmemh\\project\\src\\components\\__tests__\\Footer.test.tsx","startTime":1752497451903,"status":"passed","summary":""},{"assertionResults":[{"ancestorTitles":["Skills component"],"duration":662,"failing":false,"failureDetails":[{"name":"TestingLibraryElementError"}],"failureMessages":["TestingLibraryElementError: Found multiple elements with the role \"heading\"\n\nHere are the matching elements:\n\nIgnored nodes: comments, script, style\n\u001b[36m<h2\u001b[39m\n  \u001b[33mclass\u001b[39m=\u001b[32m\"text-4xl md:text-5xl font-bold mb-6 text-purple\"\u001b[39m\n\u001b[36m>\u001b[39m\n  \u001b[0mSkills & Technologies\u001b[0m\n\u001b[36m</h2>\u001b[39m\n\nIgnored nodes: comments, script, style\n\u001b[36m<h3\u001b[39m\n  \u001b[33mclass\u001b[39m=\u001b[32m\"text-xl font-semibold text-purple mb-6 text-center\"\u001b[39m\n\u001b[36m>\u001b[39m\n  \u001b[0mAI-ML & Data Analytics specific skills: \u001b[0m\n\u001b[36m</h3>\u001b[39m\n\nIgnored nodes: comments, script, style\n\u001b[36m<h3\u001b[39m\n  \u001b[33mclass\u001b[39m=\u001b[32m\"text-xl font-semibold text-purple mb-6 text-center\"\u001b[39m\n\u001b[36m>\u001b[39m\n  \u001b[0mFrontend and DeveOps skills: \u001b[0m\n\u001b[36m</h3>\u001b[39m\n\nIgnored nodes: comments, script, style\n\u001b[36m<h3\u001b[39m\n  \u001b[33mclass\u001b[39m=\u001b[32m\"text-xl font-semibold text-purple mb-6 text-center\"\u001b[39m\n\u001b[36m>\u001b[39m\n  \u001b[0mTools & Technologies\u001b[0m\n\u001b[36m</h3>\u001b[39m\n\nIgnored nodes: comments, script, style\n\u001b[36m<h3\u001b[39m\n  \u001b[33mclass\u001b[39m=\u001b[32m\"text-2xl font-semibold text-purple mb-4\"\u001b[39m\n\u001b[36m>\u001b[39m\n  \u001b[0mAlways Learning\u001b[0m\n\u001b[36m</h3>\u001b[39m\n\n(If this is intentional, then use the `*AllBy*` variant of the query (like `queryAllByText`, `getAllByText`, or `findAllByText`)).\n\nIgnored nodes: comments, script, style\n\u001b[36m<body>\u001b[39m\n  \u001b[36m<div>\u001b[39m\n    \u001b[36m<section\u001b[39m\n      \u001b[33mclass\u001b[39m=\u001b[32m\"py-20 bg-lavender\"\u001b[39m\n      \u001b[33mid\u001b[39m=\u001b[32m\"skills\"\u001b[39m\n    \u001b[36m>\u001b[39m\n      \u001b[36m<div\u001b[39m\n        \u001b[33mclass\u001b[39m=\u001b[32m\"container mx-auto px-6\"\u001b[39m\n      \u001b[36m>\u001b[39m\n        \u001b[36m<div\u001b[39m\n          \u001b[33mclass\u001b[39m=\u001b[32m\"max-w-6xl mx-auto\"\u001b[39m\n        \u001b[36m>\u001b[39m\n          \u001b[36m<div\u001b[39m\n            \u001b[33mclass\u001b[39m=\u001b[32m\"text-center mb-16\"\u001b[39m\n          \u001b[36m>\u001b[39m\n            \u001b[36m<h2\u001b[39m\n              \u001b[33mclass\u001b[39m=\u001b[32m\"text-4xl md:text-5xl font-bold mb-6 text-purple\"\u001b[39m\n            \u001b[36m>\u001b[39m\n              \u001b[0mSkills & Technologies\u001b[0m\n            \u001b[36m</h2>\u001b[39m\n            \u001b[36m<p\u001b[39m\n              \u001b[33mclass\u001b[39m=\u001b[32m\"text-xl text-pink max-w-2xl mx-auto\"\u001b[39m\n            \u001b[36m>\u001b[39m\n              \u001b[0mA comprehensive overview of my technical skills and proficiency levels\u001b[0m\n            \u001b[36m</p>\u001b[39m\n            \u001b[36m<div\u001b[39m\n              \u001b[33mclass\u001b[39m=\u001b[32m\"w-24 h-1 bg-peach mx-auto rounded-full mt-6\"\u001b[39m\n            \u001b[36m/>\u001b[39m\n          \u001b[36m</div>\u001b[39m\n          \u001b[36m<div\u001b[39m\n            \u001b[33mclass\u001b[39m=\u001b[32m\"grid md:grid-cols-2 lg:grid-cols-3 gap-8\"\u001b[39m\n          \u001b[36m>\u001b[39m\n            \u001b[36m<div\u001b[39m\n              \u001b[33mclass\u001b[39m=\u001b[32m\"bg-lavender/50 rounded-xl p-6 border border-peach/50 hover:border-peach/50 transition-all duration-300\"\u001b[39m\n            \u001b[36m>\u001b[39m\n              \u001b[36m<h3\u001b[39m\n                \u001b[33mclass\u001b[39m=\u001b[32m\"text-xl font-semibold text-purple mb-6 text-center\"\u001b[39m\n              \u001b[36m>\u001b[39m\n                \u001b[0mAI-ML & Data Analytics specific skills: \u001b[0m\n              \u001b[36m</h3>\u001b[39m\n              \u001b[36m<div\u001b[39m\n                \u001b[33mclass\u001b[39m=\u001b[32m\"space-y-4\"\u001b[39m\n              \u001b[36m>\u001b[39m\n                \u001b[36m<div\u001b[39m\n                  \u001b[33mclass\u001b[39m=\u001b[32m\"skill-item\"\u001b[39m\n                \u001b[36m>\u001b[39m\n                  \u001b[36m<div\u001b[39m\n                    \u001b[33mclass\u001b[39m=\u001b[32m\"flex justify-between items-center mb-2\"\u001b[39m\n                  \u001b[36m>\u001b[39m\n                    \u001b[36m<span\u001b[39m\n                      \u001b[33mclass\u001b[39m=\u001b[32m\"text-pink font-medium\"\u001b[39m\n                    \u001b[36m>\u001b[39m\n                      \u001b[0mPower Bi\u001b[0m\n                    \u001b[36m</span>\u001b[39m\n                    \u001b[36m<span\u001b[39m\n                      \u001b[33mclass\u001b[39m=\u001b[32m\"text-peach text-sm font-semibold\"\u001b[39m\n                    \u001b[36m>\u001b[39m\n                      \u001b[0m90\u001b[0m\n                      \u001b[0m%\u001b[0m\n                    \u001b[36m</span>\u001b[39m\n                  \u001b[36m</div>\u001b[39m\n                  \u001b[36m<div\u001b[39m\n                    \u001b[33mclass\u001b[39m=\u001b[32m\"w-full bg-lavender rounded-full h-2\"\u001b[39m\n                  \u001b[36m>\u001b[39m\n                    \u001b[36m<div\u001b[39m\n                      \u001b[33mclass\u001b[39m=\u001b[32m\"bg-gradient-to-r from-peach to-purple h-2 rounded-full transition-all duration-1000 ease-out\"\u001b[39m\n                      \u001b[33mstyle\u001b[39m=\u001b[32m\"width: 90%;\"\u001b[39m\n                    \u001b[36m/>\u001b[39m\n                  \u001b[36m</div>\u001b[39m\n                \u001b[36m</div>\u001b[39m\n                \u001b[36m<div\u001b[39m\n                  \u001b[33mclass\u001b[39m=\u001b[32m\"skill-item\"\u001b[39m\n                \u001b[36m>\u001b[39m\n                  \u001b[36m<div\u001b[39m\n                    \u001b[33mclass\u001b[39m=\u001b[32m\"flex justify-between items-center mb-2\"\u001b[39m\n                  \u001b[36m>\u001b[39m\n                    \u001b[36m<span\u001b[39m\n                      \u001b[33mclass\u001b[39m=\u001b[32m\"text-pink font-medium\"\u001b[39m\n                    \u001b[36m>\u001b[39m\n                      \u001b[0mMS Excel\u001b[0m\n                    \u001b[36m</span>\u001b[39m\n                    \u001b[36m<span\u001b[39m\n                      \u001b[33mclass\u001b[39m=\u001b[32m\"text-peach text-sm font-semibold\"\u001b[39m\n                    \u001b[36m>\u001b[39m\n                      \u001b[0m95\u001b[0m\n                      \u001b[0m%\u001b[0m\n                    \u001b[36m</span>\u001b[39m\n                  \u001b[36m</div>\u001b[39m\n                  \u001b[36m<div\u001b[39m\n                    \u001b[33mclass\u001b[39m=\u001b[32m\"w-full bg-lavender rounded-full h-2\"\u001b[39m\n                  \u001b[36m>\u001b[39m\n                    \u001b[36m<div\u001b[39m\n                      \u001b[33mclass\u001b[39m=\u001b[32m\"bg-gradient-to-r from-peach to-purple h-2 rounded-full transition-all duration-1000 ease-out\"\u001b[39m\n                      \u001b[33mstyle\u001b[39m=\u001b[32m\"width: 95%;\"\u001b[39m\n                    \u001b[36m/>\u001b[39m\n                  \u001b[36m</div>\u001b[39m\n                \u001b[36m</div>\u001b[39m\n                \u001b[36m<div\u001b[39m\n                  \u001b[33mclass\u001b[39m=\u001b[32m\"skill-item\"\u001b[39m\n                \u001b[36m>\u001b[39m\n                  \u001b[36m<div\u001b[39m\n                    \u001b[33mclass\u001b[39m=\u001b[32m\"flex justify-between items-center mb-2\"\u001b[39m\n                  \u001b[36m>\u001b[39m\n                    \u001b[36m<span\u001b[39m\n                      \u001b[33mclass\u001b[39m=\u001b[32m\"text-pink font-medium\"\u001b[39m\n                    \u001b[36m>\u001b[39m\n                      \u001b[0mTableau\u001b[0m\n                    \u001b[36m</span>\u001b[39m\n                    \u001b[36m<span\u001b[39m\n                      \u001b[33mclass\u001b[39m=\u001b[32m\"text-peach text-sm font-semibold\"\u001b[39m\n                    \u001b[36m>\u001b[39m\n                      \u001b[0m80\u001b[0m\n                      \u001b[0m%\u001b[0m\n                    \u001b[36m</span>\u001b[39m\n                  \u001b[36m</div>\u001b[39m\n                  \u001b[36m<div\u001b[39m\n                    \u001b[33mclass\u001b[39m=\u001b[32m\"w-full bg-lavender rounded-full h-2\"\u001b[39m\n                  \u001b[36m>\u001b[39m\n                    \u001b[36m<div\u001b[39m\n                      \u001b[33mclass\u001b[39m=\u001b[32m\"bg-gradient-to-r from-peach to-purple h-2 rounded-full transition-all duration-1000 ease-out\"\u001b[39m\n                      \u001b[33mstyle\u001b[39m=\u001b[32m\"width: 80%;\"\u001b[39m\n                    \u001b[36m/>\u001b[39m\n                  \u001b[36m</div>\u001b[39m\n                \u001b[36m</div>\u001b[39m\n                \u001b[36m<div\u001b[39m\n                  \u001b[33mclass\u001b[39m=\u001b[32m\"skill-item\"\u001b[39m\n                \u001b[36m>\u001b[39m\n                  \u001b[36m<div\u001b[39m\n                    \u001b[33mclass\u001b[39m=\u001b[32m\"flex justify-between items-center mb-2\"\u001b[39m\n                  \u001b[36m>\u001b[39m\n                    \u001b[36m<span\u001b[39m\n              
[...]
-1 hover:shadow-lg hover:shadow-peach/10\"\u001b[39m\n                      \u001b[33mhref\u001b[39m=\u001b[32m\"mailto:sawari.jamgaonkar18@gmail.com\"\u001b[39m\n                    \u001b[36m>\u001b[39m\n                      \u001b[36m<div\u001b[39m\n                        \u001b[33mclass\u001b[39m=\u001b[32m\"text-peach mr-4\"\u001b[39m\n                      \u001b[36m>\u001b[39m\n                        \u001b[36m<svg\u001b[39m\n                          \u001b[33mclass\u001b[39m=\u001b[32m\"lucide lucide-mail \"\u001b[39m\n                          \u001b[33mfill\u001b[39m=\u001b[32m\"none\"\u001b[39m\n                          \u001b[33mheight\u001b[39m=\u001b[32m\"24\"\u001b[39m\n                          \u001b[33mstroke\u001b[39m=\u001b[32m\"currentColor\"\u001b[39m\n                          \u001b[33mstroke-linecap\u001b[39m=\u001b[32m\"round\"\u001b[39m\n                          \u001b[33mstroke-linejoin\u001b[39m=\u001b[32m\"round\"\u001b[39m\n                          \u001b[33mstroke-width\u001b[39m=\u001b[32m\"2\"\u001b[39m\n                          \u001b[33mviewBox\u001b[39m=\u001b[32m\"0 0 24 24\"\u001b[39m\n                          \u001b[33mwidth\u001b[39m=\u001b[32m\"24\"\u001b[39m\n                          \u001b[33mxmlns\u001b[39m=\u001b[32m\"http://www.w3.org/2000/svg\"\u001b[39m\n                        \u001b[36m>\u001b[39m\n                          \u001b[36m<rect\u001b[39m\n                            \u001b[33mheight\u001b[39m=\u001b[32m\"16\"\u001b[39m\n                            \u001b[33mrx\u001b[39m=\u001b[32m\"2\"\u001b[39m\n                            \u001b[33mwidth\u001b[39m=\u001b[32m\"20\"\u001b[39m\n                            \u001b[33mx\u001b[39m=\u001b[32m\"2\"\u001b[39m\n                            \u001b[33my\u001b[39m=\u001b[32m\"4\"\u001b[39m\n                          \u001b[36m/>\u001b[39m\n                          \u001b[36m<path\u001b[39m\n                            \u001b[33md\u001b[39m=\u001b[32m\"m22 7-8.97 5.7a1.94 1.94 0 0 1-2.06 0L2 7\"\u001b[39m\n                          \u001b[36m/>\u001b[39m\n                        \u001b[36m</svg>\u001b[39m\n                      \u001b[36m</div>\u001b[39m\n                      \u001b[36m<div>\u001b[39m\n                        \u001b[36m<h4\u001b[39m\n                          \u001b[33mclass\u001b[39m=\u001b[32m\"text-purple font-medium\"\u001b[39m\n                        \u001b[36m>\u001b[39m\n                          \u001b[0mEmail\u001b[0m\n                        \u001b[36m</h4>\u001b[39m\n                        \u001b[36m<p\u001b[39m\n                          \u001b[33mclass\u001b[39m=\u001b[32m\"text-pink\"\u001b[39m\n                        \u001b[36m>\u001b[39m\n                          \u001b[0msawari.jamgaonkar18@gmail.com\u001b[0m\n                        \u001b[36m</p>\u001b[39m\n                      \u001b[36m</div>\u001b[39m\n                    \u001b[36m</a>\u001b[39m\n                    \u001b[36m<a\u001b[39m\n                      \u001b[33mclass\u001b[39m=\u001b[32m\"flex items-center p-4 bg-lavender/50 backdrop-blur-sm rounded-xl border border-peach/50 hover:border-peach/50 transition-all duration-300 transform hover:-translate-y-1 hover:shadow-lg hover:shadow-peach/10\"\u001b[39m\n                      \u001b[33mhref\u001b[39m=\u001b[32m\"tel:+918180846662\"\u001b[39m\n                    \u001b[36m>\u001b[39m\n                      \u001b[36m<div\u001b[39m\n                        \u001b[33mclass\u001b[39m=\u001b[32m\"text-peach mr-4\"\u001b[39m\n                      \u001b[36m>\u001b[39m\n                        \u001b[36m<svg\u001b[39m\n                          \u001b[33mclass\u001b[39m=\u001b[32m\"lucide lucide-phone \"\u001b[39m\n                          \u001b[33mfill\u001b[39m=\u001b[32m\"none\"\u001b[39m\n                          \u001b[33mheight\u001b[39m=\u001b[32m\"24\"\u001b[39m\n                          \u001b[33mstroke\u001b[39m=\u001b[32m\"currentColor\"\u001b[39m\n                          \u001b[33mstroke-linecap\u001b[39m=\u001b[32m\"round\"\u001b[39m\n                          \u001b[33mstroke-linejoin\u001b[39m=\u001b[32m\"round\"\u001b[39m\n                          \u001b[33mstroke-width\u001b[39m=\u001b[32m\"2\"\u001b[39m\n                          \u001b[33mviewBox\u001b[39m=\u001b[32m\"0 0 24 24\"\u001b[39m\n                          \u001b[33mwidth\u001b[39m=\u001b[32m\"24\"\u001b[39m\n                          \u001b[33mxmlns\u001b[39m=\u001b[32m\"http://www.w3.org/2000/svg\"\u001b[39m\n                        \u001b[36m>\u001b[39m\n                          \u001b[36m<path\u001b[39m\n                            \u001b[33md\u001b[39m=\u001b[32m\"M22 16.92v3a2 2 0 0 1-2.18 2 19.79 19.79 0 0 1-8.63-3.07 19.5 19.5 0 0 1-6-6 19.79 19.79 0 0 1-3.07-8.67A2 2 0 0 1 4.11 2h3a2 2 0 0 1 2 1.72 12.84 12.84 0 0 0 .7 2.81 2 2 0 0 1-.45 2.11L8.09 9.91a16 16 0 0 0 6 6l1.27-1.27a2 2 0 0 1 2.11-.45 12.84 12.84 0 0 0 2.81.7A2 2 0 0 1 22 16.92z\"\u001b[39m\n                          \u001b[36m/>\u001b[39m\n                        \u001b[36m</svg>\u001b[39m\n                      \u001b[36m</div>\u001b[39m\n                      \u001b[36m<div>\u001b[39m\n                        \u001b[36m<h4\u001b[39m\n                          \u001b[33mclass\u001b[39m=\u001b[32m\"text-purple font-medium\"\u001b[39m\n                        \u001b[36m>\u001b[39m\n                          \u001b[0mPhone\u001b[0m\n                        \u001b[36m</h4>\u001b[39m\n                        \u001b[36m<p\u001b[39m\n                          \u001b[33mclass\u001b[39m=\u001b[32m\"text-pink\"\u001b[39m\n                        \u001b[36m>\u001b[39m\n                          \u001b[0m+91 8180846662\u001b[0m\n                        \u001b[36m</p>\u001b[39m\n                      \u001b[36m</div>\u001b[39m\n                    \u001b[36m</a>\u001b[39m\n                    \u001b[36m<a\u001b[39m\n                      \u001b[33mclass\u001b[39m=\u001b[32m\"flex items-center p-4 bg-lavender/50 backdrop-blur-sm rounded-xl border border-peach/50 hover:border-peach/50 transition-all duration-300 transform hover:-translate-y-1 hover:shadow-lg hover:shadow-peach/10\"\u001b[39m\n                      \u001b[33mhref\u001b[39m=\u001b[32m\"#\"\u001b[39m\n                    \u001b[36m>\u001b[39m\n                ...\n\u001b[2m\u001b[22m\n\u001b[2m    \u001b[0m \u001b[90m 54 |\u001b[39m     })\u001b[33m;\u001b[39m\u001b[22m\n\u001b[2m     \u001b[90m 55 |\u001b[39m\u001b[22m\n\u001b[2m    \u001b[31m\u001b[1m>\u001b[22m\u001b[2m\u001b[39m\u001b[90m 56 |\u001b[39m     expect(screen\u001b[33m.\u001b[39mgetByText(\u001b[35m/Sending/i\u001b[39m))\u001b[33m.\u001b[39mtoBeInTheDocument()\u001b[33m;\u001b[39m\u001b[22m\n\u001b[2m     \u001b[90m    |\u001b[39m                   \u001b[31m\u001b[1m^\u001b[22m\u001b[2m\u001b[39m\u001b[22m\n\u001b[2m     \u001b[90m 57 |\u001b[39m\u001b[22m\n\u001b[2m     \u001b[90m 58 |\u001b[39m     \u001b[36mawait\u001b[39m waitFor(() \u001b[33m=>\u001b[39m {\u001b[22m\n\u001b[2m     \u001b[90m 59 |\u001b[39m       expect(screen\u001b[33m.\u001b[39mgetByText(\u001b[35m/Message Sent!/i\u001b[39m))\u001b[33m.\u001b[39mtoBeInTheDocument()\u001b[33m;\u001b[39m\u001b[0m\u001b[22m\n\u001b[2m\u001b[22m\n\u001b[2m      \u001b[2mat Object.getElementError (\u001b[22m\u001b[2mnode_modules/@testing-library/dom/dist/config.js\u001b[2m:37:19)\u001b[22m\u001b[2m\u001b[22m\n\u001b[2m      \u001b[2mat \u001b[22m\u001b[2mnode_modules/@testing-library/dom/dist/query-helpers.js\u001b[2m:76:38\u001b[22m\u001b[2m\u001b[22m\n\u001b[2m      \u001b[2mat \u001b[22m\u001b[2mnode_modules/@testing-library/dom/dist/query-helpers.js\u001b[2m:52:17\u001b[22m\u001b[2m\u001b[22m\n\u001b[2m      \u001b[2mat \u001b[22m\u001b[2mnode_modules/@testing-library/dom/dist/query-helpers.js\u001b[2m:95:19\u001b[22m\u001b[2m\u001b[22m\n\u001b[2m      \u001b[2mat Object.getByText (\u001b[22m\u001b[2m\u001b[0m\u001b[36msrc/components/__tests__/Contact.test.tsx\u001b[39m\u001b[0m\u001b[2m:56:19)\u001b[22m\u001b[2m\u001b[22m\n\n\u001b[1m\u001b[31m  \u001b[1m● \u001b[22m\u001b[1mContact component › handles failed form submission gracefully\u001b[39m\u001b[22m\n\n    TestingLibraryElementError: Unable to find an element with the text: /Sending/i. This could be because the text is broken up by multiple elements. In this case, you can provide a function for your text matcher to make your matcher more flexible.\n\n    Ignored nodes: comments, script, style\n    \u001b[36m<body>\u001b[39m\n      \u001b[36m<div>\u001b[39m\n        \u001b[36m<section\u001b[39m\n          \u001b[33mclass\u001b[39m=\u001b[32m\"py-20 bg-lavender/30\"\u001b[39m\n          \u001b[33mid\u001b[39m=\u001b[32m\"contact\"\u001b[39m\n        \u001b[36m>\u001b[39m\n          \u001b[36m<div\u001b[39m\n            \u001b[33mclass\u001b[39m=\u001b[32m\"container mx-auto px-6\"\u001b[39m\n          \u001b[36m>\u001b[39m\n            \u001b[36m<div\u001b[39m\n              \u001b[33mclass\u001b[39m=\u001b[32m\"max-w-6xl mx-auto\"\u001b[39m\n            \u001b[36m>\u001b[39m\n              \u001b[36m<div\u001b[39m\n                \u001b[33mclass\u001b[39m=\u001b[32m\"text-center mb-16\"\u001b[39m\n              \u001b[36m>\u001b[39m\n                \u001b[36m<h2\u001b[39m\n                  \u001b[33mclass\u001b[39m=\u001b[32m\"text-4xl md:text-5xl font-bold mb-6 text-purple\"\u001b[39m\n                \u001b[36m>\u001b[39m\n                  \u001b[0mGet In Touch\u001b[0m\n                \u001b[36m</h2>\u001b[39m\n                \u001b[36m<p\u001b[39m\n                  \u001b[33mclass\u001b[39m=\u001b[32m\"text-xl text-pink max-w-2xl mx-auto\"\u001b[39m\n                \u001b[36m>\u001b[39m\n                  \u001b[0mI'm always open to discussing new opportunities, interesting projects, or just having a chat about technology\u001b[0m\n                \u001b[36m</p>\u001b[39m\n                \u001b[36m<div\u001b[39m\n                  \u001b[33mclass\u001b[39m=\u001b[32m\"w-24 h-1 bg-peach mx-auto rounded-full mt-6\"\u001b[39m\n                \u001b[36m/>\u001b[39m\n              \u001b[36m</div>\u001b[39m\n              \u001b[36m<div\u001b[39m\n                \u001b[33mclass\u001b[39m=\u001b[32m\"grid lg:grid-cols-2 gap-12\"\u001b[39m\n              \u001b[36m>\u001b[39m\n                \u001b[36m<div\u001b[39m\n                  \u001b[33mclass\u001b[39m=\u001b[32m\"space-y-8\"\u001b[39m\n                \u001b[36m>\u001b[39m\n                  \u001b[36m<div>\u001b[39m\n                    \u001b[36m<h3\u001b[39m\n                      \u001b[33mclass\u001b[39m=\u001b[32m\"text-2xl font-semibold text-purple mb-6\"\u001b[39m\n                    \u001b[36m>\u001b[39m\n                      \u001b[0mLet's Connect\u001b[0m\n                    \u001b[36m</h3>\u001b[39m\n                    \u001b[36m<p\u001b[39m\n                      \u001b[33mclass\u001b[39m=\u001b[32m\"text-pink mb-8 leading-relaxed\"\u001b[39m\n                    \u001b[36m>\u001b[39m\n                      \u001b[0mWhether you have a project in mind, want to collaborate, or just want to say hello, I'd love to hear from you. I'm currently seeking internship opportunities and always interested in working on exciting projects.\u001b[0m\n                    \u001b[36m</p>\u001b[39m\n                  \u001b[36m</div>\u001b[39m\n                  \u001b[36m<div\u001b[39m\n                    \u001b[33mclass\u001b[39m=\u001b[32m\"space-y-6\"\u001b[39m\n                  \u001b[36m>\u001b[39m\n                    \u001b[36m<a\u001b[39m\n                      \u001b[33mclass\u001b[39m=\u001b[32m\"flex items-center p-4 bg-lavender/50 backdrop-blur-sm rounded-xl border border-peach/50 hover:border-peach/50 transition-all duration-300 transform hover:-translate-y-1 hover:shadow-lg hover:shadow-peach/10\"\u001b[39m\n                      \u001b[33mhref\u001b[39m=\u001b[32m\"mailto:sawari.jamgaonkar18@gmail.com\"\u001b[39m\n                    \u001b[36m>\u001b[39m\n                      \u001b[36m<div\u001b[39m\n                        \u001b[33mclass\u001b[39m=\u001b[32m\"text-peach mr-4\"\u001b[39m\n                      \u001b[36m>\u001b[39m\n                        \u001b[36m<svg\u001b[39m\n                          \u001b[33mclass\u001b[39m=\u001b[32m\"lucide lucide-mail \"\u001b[39m\n                          \u001b[33mfill\u001b[39m=\u001b[32m\"none\"\u001b[39m\n                          \u001b[33mheight\u001b[39m=\u001b[32m\"24\"\u001b[39m\n                          \u001b[33mstroke\u001b[39m=\u001b[32m\"currentColor\"\u001b[39m\n                          \u001b[33mstroke-linecap\u001b[39m=\u001b[32m\"round\"\u001b[39m\n                          \u001b[33mstroke-linejoin\u001b[39m=\u001b[32m\"round\"\u001b[39m\n                          \u001b[33mstroke-width\u001b[39m=\u001b[32m\"2\"\u001b[39m\n                          \u001b[33mviewBox\u001b[39m=\u001b[32m\"0 0 24 24\"\u001b[39m\n                          \u001b[33mwidth\u001b[39m=\u001b[32m\"24\"\u001b[39m\n                          \u001b[33mxmlns\u001b[39m=\u001b[32m\"http://www.w3.org/2000/svg\"\u001b[39m\n                        \u001b[36m>\u001b[39m\n                          \u001b[36m<rect\u001b[39m\n                            \u001b[33mheight\u001b[39m=\u001b[32m\"16\"\u001b[39m\n                            \u001b[33mrx\u001b[39m=\u001b[32m\"2\"\u001b[39m\n                            \u001b[33mwidth\u001b[39m=\u001b[32m\"20\"\u001b[39m\n                            \u001b[33mx\u001b[39m=\u001b[32m\"2\"\u001b[39m\n                            \u001b[33my\u001b[39m=\u001b[32m\"4\"\u001b[39m\n                          \u001b[36m/>\u001b[39m\n                          \u001b[36m<path\u001b[39m\n                            \u001b[33md\u001b[39m=\u001b[32m\"m22 7-8.97 5.7a1.94 1.94 0 0 1-2.06 0L2 7\"\u001b[39m\n                          \u001b[36m/>\u001b[39m\n                        \u001b[36m</svg>\u001b[39m\n                      \u001b[36m</div>\u001b[39m\n                      \u001b[36m<div>\u001b[39m\n                        \u001b[36m<h4\u001b[39m\n                          \u001b[33mclass\u001b[39m=\u001b[32m\"text-purple font-medium\"\u001b[39m\n                        \u001b[36m>\u001b[39m\n                          \u001b[0mEmail\u001b[0m\n                        \u001b[36m</h4>\u001b[39m\n                        \u001b[36m<p\u001b[39m\n                          \u001b[33mclass\u001b[39m=\u001b[32m\"text-pink\"\u001b[39m\n                        \u001b[36m>\u001b[39m\n                          \u001b[0msawari.jamgaonkar18@gmail.com\u001b[0m\n                        \u001b[36m</p>\u001b[39m\n                      \u001b[36m</div>\u001b[39m\n                    \u001b[36m</a>\u001b[39m\n                    \u001b[36m<a\u001b[39m\n                      \u001b[33mclass\u001b[39m=\u001b[32m\"flex items-center p-4 bg-lavender/50 backdrop-blur-sm rounded-xl border border-peach/50 hover:border-peach/50 transition-all duration-300 transform hover:-translate-y-1 hover:shadow-lg hover:shadow-peach/10\"\u001b[39m\n                      \u001b[33mhref\u001b[39m=\u001b[32m\"tel:+918180846662\"\u001b[39m\n                    \u001b[36m>\u001b[39m\n                      \u001b[36m<div\u001b[39m\n                        \u001b[33mclass\u001b[39m=\u001b[32m\"text-peach mr-4\"\u001b[39m\n                      \u001b[36m>\u001b[39m\n                        \u001b[36m<svg\u001b[39m\n                          \u001b[33mclass\u001b[39m=\u001b[32m\"lucide lucide-phone \"\u001b[39m\n                          \u001b[33mfill\u001b[39m=\u001b[32m\"none\"\u001b[39m\n                          \u001b[33mheight\u001b[39m=\u001b[32m\"24\"\u001b[39m\n                          \u001b[33mstroke\u001b[39m=\u001b[32m\"currentColor\"\u001b[39m\n                          \u001b[33mstroke-linecap\u001b[39m=\u001b[32m\"round\"\u001b[39m\n                          \u001b[33mstroke-linejoin\u001b[39m=\u001b[32m\"round\"\u001b[39m\n                          \u001b[33mstroke-width\u001b[39m=\u001b[32m\"2\"\u001b[39m\n                          \u001b[33mviewBox\u001b[39m=\u001b[32m\"0 0 24 24\"\u001b[39m\n                          \u001b[33mwidth\u001b[39m=\u001b[32m\"24\"\u001b[39m\n                          \u001b[33mxmlns\u001b[39m=\u001b[32m\"http://www.w3.org/2000/svg\"\u001b[39m\n                        \u001b[36m>\u001b[39m\n                          \u001b[36m<path\u001b[39m\n                            \u001b[33md\u001b[39m=\u001b[32m\"M22 16.92v3a2 2 0 0 1-2.18 2 19.79 19.79 0 0 1-8.63-3.07 19.5 19.5 0 0 1-6-6 19.79 19.79 0 0 1-3.07-8.67A2 2 0 0 1 4.11 2h3a2 2 0 0 1 2 1.72 12.84 12.84 0 0 0 .7 2.81 2 2 0 0 1-.45 2.11L8.09 9.91a16 16 0 0 0 6 6l1.27-1.27a2 2 0 0 1 2.11-.45 12.84 12.84 0 0 0 2.81.7A2 2 0 0 1 22 16.92z\"\u001b[39m\n                          \u001b[36m/>\u001b[39m\n                        \u001b[36m</svg>\u001b[39m\n                      \u001b[36m</div>\u001b[39m\n                      \u001b[36m<div>\u001b[39m\n                        \u001b[36m<h4\u001b[39m\n                          \u001b[33mclass\u001b[39m=\u001b[32m\"text-purple font-medium\"\u001b[39m\n                        \u001b[36m>\u001b[39m\n                          \u001b[0mPhone\u001b[0m\n                        \u001b[36m</h4>\u001b[39m\n                        \u001b[36m<p\u001b[39m\n                          \u001b[33mclass\u001b[39m=\u001b[32m\"text-pink\"\u001b[39m\n                        \u001b[36m>\u001b[39m\n                          \u001b[0m+91 8180846662\u001b[0m\n                        \u001b[36m</p>\u001b[39m\n                      \u001b[36m</div>\u001b[39m\n                    \u001b[36m</a>\u001b[39m\n                    \u001b[36m<a\u001b[39m\n                      \u001b[33mclass\u001b[39m=\u001b[32m\"flex items-center p-4 bg-lavender/50 backdrop-blur-sm rounded-xl border border-peach/50 hover:border-peach/50 transition-all duration-300 transform hover:-translate-y-1 hover:shadow-lg hover:shadow-peach/10\"\u001b[39m\n                      \u001b[33mhref\u001b[39m=\u001b[32m\"#\"\u001b[39m\n                    \u001b[36m>\u001b[39m\n                ...\n\u001b[2m\u001b[22m\n\u001b[2m    \u001b[0m \u001b[90m 78 |\u001b[39m     })\u001b[33m;\u001b[39m\u001b[22m\n\u001b[2m     \u001b[90m 79 |\u001b[39m\u001b[22m\n\u001b[2m    \u001b[31m\u001b[1m>\u001b[22m\u001b[2m\u001b[39m\u001b[90m 80 |\u001b[39m     expect(screen\u001b[33m.\u001b[39mgetByText(\u001b[35m/Sending/i\u001b[39m))\u001b[33m.\u001b[39mtoBeInTheDocument()\u001b[33m;\u001b[39m\u001b[22m\n\u001b[2m     \u001b[90m    |\u001b[39m                   \u001b[31m\u001b[1m^\u001b[22m\u001b[2m\u001b[39m\u001b[22m\n\u001b[2m     \u001b[90m 81 |\u001b[39m\u001b[22m\n\u001b[2m     \u001b[90m 82 |\u001b[39m     \u001b[36mawait\u001b[39m waitFor(() \u001b[33m=>\u001b[39m {\u001b[22m\n\u001b[2m     \u001b[90m 83 |\u001b[39m       \u001b[90m// Success message should not appear\u001b[39m\u001b[0m\u001b[22m\n\u001b[2m\u001b[22m\n\u001b[2m      \u001b[2mat Object.getElementError (\u001b[22m\u001b[2mnode_modules/@testing-library/dom/dist/config.js\u001b[2m:37:19)\u001b[22m\u001b[2m\u001b[22m\n\u001b[2m      \u001b[2mat \u001b[22m\u001b[2mnode_modules/@testing-library/dom/dist/query-helpers.js\u001b[2m:76:38\u001b[22m\u001b[2m\u001b[22m\n\u001b[2m      \u001b[2mat \u001b[22m\u001b[2mnode_modules/@testing-library/dom/dist/query-helpers.js\u001b[2m:52:17\u001b[22m\u001b[2m\u001b[22m\n\u001b[2m      \u001b[2mat \u001b[22m\u001b[2mnode_modules/@testing-library/dom/dist/query-helpers.js\u001b[2m:95:19\u001b[22m\u001b[2m\u001b[22m\n\u001b[2m      \u001b[2mat Object.getByText (\u001b[22m\u001b[2m\u001b[0m\u001b[36msrc/components/__tests__/Contact.test.tsx\u001b[39m\u001b[0m\u001b[2m:80:19)\u001b[22m\u001b[2m\u001b[22m\n","name":"D:\\college\\projects\\portfolio_web\\project-bolt-sb1-1pevmemh\\project\\src\\components\\__tests__\\Contact.test.tsx","startTime":1752497451220,"status":"failed","summary":""}],"wasInterrupted":false}
